Analysis & Synthesis report for ImageScaler_Storage
Wed Jan 27 10:03:08 2016
Quartus II Version 9.1 Build 350 03/24/2010 Service Pack 2 SJ Web Edition


---------------------
; Table of Contents ;
---------------------
  1. Legal Notice
  2. Analysis & Synthesis Summary
  3. Analysis & Synthesis Settings
  4. Parallel Compilation
  5. Analysis & Synthesis Source Files Read
  6. Analysis & Synthesis Resource Usage Summary
  7. Analysis & Synthesis Resource Utilization by Entity
  8. Analysis & Synthesis RAM Summary
  9. Analysis & Synthesis DSP Block Usage Summary
 10. General Register Statistics
 11. Registers Packed Into Inferred Megafunctions
 12. Multiplexer Restructuring Statistics (Restructuring Performed)
 13. Source assignments for BRAM:bram|altsyncram:RAM_rtl_0|altsyncram_c4h1:auto_generated
 14. Parameter Settings for Inferred Entity Instance: BRAM:bram|altsyncram:RAM_rtl_0
 15. Parameter Settings for Inferred Entity Instance: ImageScaler:scaler|lpm_divide:Mod0
 16. Parameter Settings for Inferred Entity Instance: ImageScaler:scaler|lpm_divide:Div0
 17. Parameter Settings for Inferred Entity Instance: ImageScaler:scaler|lpm_mult:Mult0
 18. altsyncram Parameter Settings by Entity Instance
 19. lpm_mult Parameter Settings by Entity Instance
 20. Analysis & Synthesis Messages



----------------
; Legal Notice ;
----------------
Copyright (C) 1991-2010 Altera Corporation
Your use of Altera Corporation's design tools, logic functions 
and other software and tools, and its AMPP partner logic 
functions, and any output files from any of the foregoing 
(including device programming or simulation files), and any 
associated documentation or information are expressly subject 
to the terms and conditions of the Altera Program License 
Subscription Agreement, Altera MegaCore Function License 
Agreement, or other applicable license agreement, including, 
without limitation, that your use is for the sole purpose of 
programming logic devices manufactured by Altera and sold by 
Altera or its authorized distributors.  Please refer to the 
applicable agreement for further details.



+-----------------------------------------------------------------------------------+
; Analysis & Synthesis Summary                                                      ;
+------------------------------------+----------------------------------------------+
; Analysis & Synthesis Status        ; Successful - Wed Jan 27 10:03:08 2016        ;
; Quartus II Version                 ; 9.1 Build 350 03/24/2010 SP 2 SJ Web Edition ;
; Revision Name                      ; ImageScaler_Storage                          ;
; Top-level Entity Name              ; tb_BRAM                                      ;
; Family                             ; Cyclone II                                   ;
; Total logic elements               ; 830                                          ;
;     Total combinational functions  ; 830                                          ;
;     Dedicated logic registers      ; 51                                           ;
; Total registers                    ; 51                                           ;
; Total pins                         ; 54                                           ;
; Total virtual pins                 ; 0                                            ;
; Total memory bits                  ; 307,200                                      ;
; Embedded Multiplier 9-bit elements ; 4                                            ;
; Total PLLs                         ; 0                                            ;
+------------------------------------+----------------------------------------------+


+-----------------------------------------------------------------------------------------------------------------------+
; Analysis & Synthesis Settings                                                                                         ;
+----------------------------------------------------------------------------+--------------------+---------------------+
; Option                                                                     ; Setting            ; Default Value       ;
+----------------------------------------------------------------------------+--------------------+---------------------+
; Device                                                                     ; EP2C70F896C6       ;                     ;
; Top-level entity name                                                      ; tb_BRAM            ; ImageScaler_Storage ;
; Family name                                                                ; Cyclone II         ; Stratix II          ;
; Type of Retiming Performed During Resynthesis                              ; Full               ;                     ;
; Resynthesis Optimization Effort                                            ; Normal             ;                     ;
; Physical Synthesis Level for Resynthesis                                   ; Normal             ;                     ;
; Use Generated Physical Constraints File                                    ; On                 ;                     ;
; Use smart compilation                                                      ; Off                ; Off                 ;
; Enable parallel Assembler and TimeQuest Timing Analyzer during compilation ; On                 ; On                  ;
; Enable compact report table                                                ; Off                ; Off                 ;
; Restructure Multiplexers                                                   ; Auto               ; Auto                ;
; Create Debugging Nodes for IP Cores                                        ; Off                ; Off                 ;
; Preserve fewer node names                                                  ; On                 ; On                  ;
; Disable OpenCore Plus hardware evaluation                                  ; Off                ; Off                 ;
; Verilog Version                                                            ; Verilog_2001       ; Verilog_2001        ;
; VHDL Version                                                               ; VHDL_1993          ; VHDL_1993           ;
; State Machine Processing                                                   ; Auto               ; Auto                ;
; Safe State Machine                                                         ; Off                ; Off                 ;
; Extract Verilog State Machines                                             ; On                 ; On                  ;
; Extract VHDL State Machines                                                ; On                 ; On                  ;
; Ignore Verilog initial constructs                                          ; Off                ; Off                 ;
; Iteration limit for constant Verilog loops                                 ; 5000               ; 5000                ;
; Iteration limit for non-constant Verilog loops                             ; 250                ; 250                 ;
; Add Pass-Through Logic to Inferred RAMs                                    ; On                 ; On                  ;
; Parallel Synthesis                                                         ; On                 ; On                  ;
; DSP Block Balancing                                                        ; Auto               ; Auto                ;
; NOT Gate Push-Back                                                         ; On                 ; On                  ;
; Power-Up Don't Care                                                        ; On                 ; On                  ;
; Remove Redundant Logic Cells                                               ; Off                ; Off                 ;
; Remove Duplicate Registers                                                 ; On                 ; On                  ;
; Ignore CARRY Buffers                                                       ; Off                ; Off                 ;
; Ignore CASCADE Buffers                                                     ; Off                ; Off                 ;
; Ignore GLOBAL Buffers                                                      ; Off                ; Off                 ;
; Ignore ROW GLOBAL Buffers                                                  ; Off                ; Off                 ;
; Ignore LCELL Buffers                                                       ; Off                ; Off                 ;
; Ignore SOFT Buffers                                                        ; On                 ; On                  ;
; Limit AHDL Integers to 32 Bits                                             ; Off                ; Off                 ;
; Optimization Technique                                                     ; Balanced           ; Balanced            ;
; Carry Chain Length                                                         ; 70                 ; 70                  ;
; Auto Carry Chains                                                          ; On                 ; On                  ;
; Auto Open-Drain Pins                                                       ; On                 ; On                  ;
; Perform WYSIWYG Primitive Resynthesis                                      ; Off                ; Off                 ;
; Auto ROM Replacement                                                       ; On                 ; On                  ;
; Auto RAM Replacement                                                       ; On                 ; On                  ;
; Auto Shift Register Replacement                                            ; Auto               ; Auto                ;
; Auto Clock Enable Replacement                                              ; On                 ; On                  ;
; Strict RAM Replacement                                                     ; Off                ; Off                 ;
; Allow Synchronous Control Signals                                          ; On                 ; On                  ;
; Force Use of Synchronous Clear Signals                                     ; Off                ; Off                 ;
; Auto RAM to Logic Cell Conversion                                          ; Off                ; Off                 ;
; Auto Resource Sharing                                                      ; Off                ; Off                 ;
; Allow Any RAM Size For Recognition                                         ; Off                ; Off                 ;
; Allow Any ROM Size For Recognition                                         ; Off                ; Off                 ;
; Allow Any Shift Register Size For Recognition                              ; Off                ; Off                 ;
; Use LogicLock Constraints during Resource Balancing                        ; On                 ; On                  ;
; Ignore translate_off and synthesis_off directives                          ; Off                ; Off                 ;
; Timing-Driven Synthesis                                                    ; Off                ; Off                 ;
; Show Parameter Settings Tables in Synthesis Report                         ; On                 ; On                  ;
; Ignore Maximum Fan-Out Assignments                                         ; Off                ; Off                 ;
; Synchronization Register Chain Length                                      ; 2                  ; 2                   ;
; PowerPlay Power Optimization                                               ; Normal compilation ; Normal compilation  ;
; HDL message level                                                          ; Level2             ; Level2              ;
; Suppress Register Optimization Related Messages                            ; Off                ; Off                 ;
; Number of Removed Registers Reported in Synthesis Report                   ; 5000               ; 5000                ;
; Number of Inverted Registers Reported in Synthesis Report                  ; 100                ; 100                 ;
; Clock MUX Protection                                                       ; On                 ; On                  ;
; Auto Gated Clock Conversion                                                ; Off                ; Off                 ;
; Block Design Naming                                                        ; Auto               ; Auto                ;
; SDC constraint protection                                                  ; Off                ; Off                 ;
; Synthesis Effort                                                           ; Auto               ; Auto                ;
; Shift Register Replacement - Allow Asynchronous Clear Signal               ; On                 ; On                  ;
; Analysis & Synthesis Message Level                                         ; Medium             ; Medium              ;
; Disable Register Merging Across Hierarchies                                ; Auto               ; Auto                ;
; Resource Aware Inference For Block RAM                                     ; On                 ; On                  ;
+----------------------------------------------------------------------------+--------------------+---------------------+


+------------------------------------------+
; Parallel Compilation                     ;
+----------------------------+-------------+
; Processors                 ; Number      ;
+----------------------------+-------------+
; Number detected on machine ; 2           ;
; Maximum allowed            ; 2           ;
;                            ;             ;
; Average used               ; 1.00        ;
; Maximum used               ; 1           ;
;                            ;             ;
; Usage by Processor         ; % Time Used ;
;     1 processor            ; 100.0%      ;
;     2 processors           ;   0.0%      ;
+----------------------------+-------------+


+------------------------------------------------------------------------------------------------------------------------------------------------------------------+
; Analysis & Synthesis Source Files Read                                                                                                                           ;
+----------------------------------+-----------------+------------------------------+------------------------------------------------------------------------------+
; File Name with User-Entered Path ; Used in Netlist ; File Type                    ; File Name with Absolute Path                                                 ;
+----------------------------------+-----------------+------------------------------+------------------------------------------------------------------------------+
; BRAM.v                           ; yes             ; User Verilog HDL File        ; C:/Users/Fauzan/Documents/lsicontest-timHAF/Ochan/BRAM.v                     ;
; ImageScaler.v                    ; yes             ; User Verilog HDL File        ; C:/Users/Fauzan/Documents/lsicontest-timHAF/Ochan/ImageScaler.v              ;
; tb_BRAM.v                        ; yes             ; User Verilog HDL File        ; C:/Users/Fauzan/Documents/lsicontest-timHAF/Ochan/tb_BRAM.v                  ;
; altsyncram.tdf                   ; yes             ; Megafunction                 ; c:/altera/91sp2/quartus/libraries/megafunctions/altsyncram.tdf               ;
; db/altsyncram_c4h1.tdf           ; yes             ; Auto-Generated Megafunction  ; C:/Users/Fauzan/Documents/lsicontest-timHAF/Ochan/db/altsyncram_c4h1.tdf     ;
; db/decode_1qa.tdf                ; yes             ; Auto-Generated Megafunction  ; C:/Users/Fauzan/Documents/lsicontest-timHAF/Ochan/db/decode_1qa.tdf          ;
; db/mux_akb.tdf                   ; yes             ; Auto-Generated Megafunction  ; C:/Users/Fauzan/Documents/lsicontest-timHAF/Ochan/db/mux_akb.tdf             ;
; lpm_divide.tdf                   ; yes             ; Megafunction                 ; c:/altera/91sp2/quartus/libraries/megafunctions/lpm_divide.tdf               ;
; db/lpm_divide_38m.tdf            ; yes             ; Auto-Generated Megafunction  ; C:/Users/Fauzan/Documents/lsicontest-timHAF/Ochan/db/lpm_divide_38m.tdf      ;
; db/sign_div_unsign_anh.tdf       ; yes             ; Auto-Generated Megafunction  ; C:/Users/Fauzan/Documents/lsicontest-timHAF/Ochan/db/sign_div_unsign_anh.tdf ;
; db/alt_u_div_m5f.tdf             ; yes             ; Auto-Generated Megafunction  ; C:/Users/Fauzan/Documents/lsicontest-timHAF/Ochan/db/alt_u_div_m5f.tdf       ;
; db/add_sub_lkc.tdf               ; yes             ; Auto-Generated Megafunction  ; C:/Users/Fauzan/Documents/lsicontest-timHAF/Ochan/db/add_sub_lkc.tdf         ;
; db/add_sub_mkc.tdf               ; yes             ; Auto-Generated Megafunction  ; C:/Users/Fauzan/Documents/lsicontest-timHAF/Ochan/db/add_sub_mkc.tdf         ;
; db/lpm_divide_0gm.tdf            ; yes             ; Auto-Generated Megafunction  ; C:/Users/Fauzan/Documents/lsicontest-timHAF/Ochan/db/lpm_divide_0gm.tdf      ;
; lpm_mult.tdf                     ; yes             ; Megafunction                 ; c:/altera/91sp2/quartus/libraries/megafunctions/lpm_mult.tdf                 ;
; db/mult_k8t.tdf                  ; yes             ; Auto-Generated Megafunction  ; C:/Users/Fauzan/Documents/lsicontest-timHAF/Ochan/db/mult_k8t.tdf            ;
+----------------------------------+-----------------+------------------------------+------------------------------------------------------------------------------+


+------------------------------------------------------+
; Analysis & Synthesis Resource Usage Summary          ;
+---------------------------------------------+--------+
; Resource                                    ; Usage  ;
+---------------------------------------------+--------+
; Estimated Total logic elements              ; 830    ;
;                                             ;        ;
; Total combinational functions               ; 830    ;
; Logic element usage by number of LUT inputs ;        ;
;     -- 4 input functions                    ; 339    ;
;     -- 3 input functions                    ; 211    ;
;     -- <=2 input functions                  ; 280    ;
;                                             ;        ;
; Logic elements by mode                      ;        ;
;     -- normal mode                          ; 677    ;
;     -- arithmetic mode                      ; 153    ;
;                                             ;        ;
; Total registers                             ; 51     ;
;     -- Dedicated logic registers            ; 51     ;
;     -- I/O registers                        ; 0      ;
;                                             ;        ;
; I/O pins                                    ; 54     ;
; Total memory bits                           ; 307200 ;
; Embedded Multiplier 9-bit elements          ; 4      ;
; Maximum fan-out node                        ; en     ;
; Maximum fan-out                             ; 129    ;
; Total fan-out                               ; 4788   ;
; Average fan-out                             ; 4.72   ;
+---------------------------------------------+--------+


+----------------------------------------------------------------------------------------------------------------------------------------------------------------------------------------------------------------------------------------------------------------------------------------------------+
; Analysis & Synthesis Resource Utilization by Entity                                                                                                                                                                                                                                                ;
+-------------------------------------------+-------------------+--------------+-------------+--------------+---------+-----------+------+--------------+-----------------------------------------------------------------------------------------------------------------------------+--------------+
; Compilation Hierarchy Node                ; LC Combinationals ; LC Registers ; Memory Bits ; DSP Elements ; DSP 9x9 ; DSP 18x18 ; Pins ; Virtual Pins ; Full Hierarchy Name                                                                                                         ; Library Name ;
+-------------------------------------------+-------------------+--------------+-------------+--------------+---------+-----------+------+--------------+-----------------------------------------------------------------------------------------------------------------------------+--------------+
; |tb_BRAM                                  ; 830 (1)           ; 51 (0)       ; 307200      ; 4            ; 0       ; 2         ; 54   ; 0            ; |tb_BRAM                                                                                                                    ; work         ;
;    |BRAM:bram|                            ; 205 (50)          ; 31 (24)      ; 307200      ; 0            ; 0       ; 0         ; 0    ; 0            ; |tb_BRAM|BRAM:bram                                                                                                          ;              ;
;       |altsyncram:RAM_rtl_0|              ; 155 (0)           ; 7 (0)        ; 307200      ; 0            ; 0       ; 0         ; 0    ; 0            ; |tb_BRAM|BRAM:bram|altsyncram:RAM_rtl_0                                                                                     ;              ;
;          |altsyncram_c4h1:auto_generated| ; 155 (0)           ; 7 (7)        ; 307200      ; 0            ; 0       ; 0         ; 0    ; 0            ; |tb_BRAM|BRAM:bram|altsyncram:RAM_rtl_0|altsyncram_c4h1:auto_generated                                                      ;              ;
;             |decode_1qa:decode2|          ; 92 (92)           ; 0 (0)        ; 0           ; 0            ; 0       ; 0         ; 0    ; 0            ; |tb_BRAM|BRAM:bram|altsyncram:RAM_rtl_0|altsyncram_c4h1:auto_generated|decode_1qa:decode2                                   ;              ;
;             |mux_akb:mux3|                ; 63 (63)           ; 0 (0)        ; 0           ; 0            ; 0       ; 0         ; 0    ; 0            ; |tb_BRAM|BRAM:bram|altsyncram:RAM_rtl_0|altsyncram_c4h1:auto_generated|mux_akb:mux3                                         ;              ;
;    |ImageScaler:scaler|                   ; 624 (210)         ; 20 (20)      ; 0           ; 4            ; 0       ; 2         ; 0    ; 0            ; |tb_BRAM|ImageScaler:scaler                                                                                                 ; work         ;
;       |lpm_divide:Div0|                   ; 203 (0)           ; 0 (0)        ; 0           ; 0            ; 0       ; 0         ; 0    ; 0            ; |tb_BRAM|ImageScaler:scaler|lpm_divide:Div0                                                                                 ;              ;
;          |lpm_divide_0gm:auto_generated|  ; 203 (0)           ; 0 (0)        ; 0           ; 0            ; 0       ; 0         ; 0    ; 0            ; |tb_BRAM|ImageScaler:scaler|lpm_divide:Div0|lpm_divide_0gm:auto_generated                                                   ;              ;
;             |sign_div_unsign_anh:divider| ; 203 (0)           ; 0 (0)        ; 0           ; 0            ; 0       ; 0         ; 0    ; 0            ; |tb_BRAM|ImageScaler:scaler|lpm_divide:Div0|lpm_divide_0gm:auto_generated|sign_div_unsign_anh:divider                       ;              ;
;                |alt_u_div_m5f:divider|    ; 203 (203)         ; 0 (0)        ; 0           ; 0            ; 0       ; 0         ; 0    ; 0            ; |tb_BRAM|ImageScaler:scaler|lpm_divide:Div0|lpm_divide_0gm:auto_generated|sign_div_unsign_anh:divider|alt_u_div_m5f:divider ;              ;
;       |lpm_divide:Mod0|                   ; 206 (0)           ; 0 (0)        ; 0           ; 0            ; 0       ; 0         ; 0    ; 0            ; |tb_BRAM|ImageScaler:scaler|lpm_divide:Mod0                                                                                 ;              ;
;          |lpm_divide_38m:auto_generated|  ; 206 (0)           ; 0 (0)        ; 0           ; 0            ; 0       ; 0         ; 0    ; 0            ; |tb_BRAM|ImageScaler:scaler|lpm_divide:Mod0|lpm_divide_38m:auto_generated                                                   ;              ;
;             |sign_div_unsign_anh:divider| ; 206 (0)           ; 0 (0)        ; 0           ; 0            ; 0       ; 0         ; 0    ; 0            ; |tb_BRAM|ImageScaler:scaler|lpm_divide:Mod0|lpm_divide_38m:auto_generated|sign_div_unsign_anh:divider                       ;              ;
;                |alt_u_div_m5f:divider|    ; 206 (206)         ; 0 (0)        ; 0           ; 0            ; 0       ; 0         ; 0    ; 0            ; |tb_BRAM|ImageScaler:scaler|lpm_divide:Mod0|lpm_divide_38m:auto_generated|sign_div_unsign_anh:divider|alt_u_div_m5f:divider ;              ;
;       |lpm_mult:Mult0|                    ; 5 (0)             ; 0 (0)        ; 0           ; 4            ; 0       ; 2         ; 0    ; 0            ; |tb_BRAM|ImageScaler:scaler|lpm_mult:Mult0                                                                                  ;              ;
;          |mult_k8t:auto_generated|        ; 5 (5)             ; 0 (0)        ; 0           ; 4            ; 0       ; 2         ; 0    ; 0            ; |tb_BRAM|ImageScaler:scaler|lpm_mult:Mult0|mult_k8t:auto_generated                                                          ;              ;
+-------------------------------------------+-------------------+--------------+-------------+--------------+---------+-----------+------+--------------+-----------------------------------------------------------------------------------------------------------------------------+--------------+
Note: For table entries with two numbers listed, the numbers in parentheses indicate the number of resources of the given type used by the specific entity alone. The numbers listed outside of parentheses indicate the total resources of the given type used by the specific entity and all of its sub-entities in the hierarchy.


+--------------------------------------------------------------------------------------------------------------------------------------------------------------------------------+
; Analysis & Synthesis RAM Summary                                                                                                                                               ;
+--------------------------------------------------------------------------+------+------------------+--------------+--------------+--------------+--------------+--------+------+
; Name                                                                     ; Type ; Mode             ; Port A Depth ; Port A Width ; Port B Depth ; Port B Width ; Size   ; MIF  ;
+--------------------------------------------------------------------------+------+------------------+--------------+--------------+--------------+--------------+--------+------+
; BRAM:bram|altsyncram:RAM_rtl_0|altsyncram_c4h1:auto_generated|ALTSYNCRAM ; AUTO ; Simple Dual Port ; 307200       ; 1            ; 307200       ; 1            ; 307200 ; None ;
+--------------------------------------------------------------------------+------+------------------+--------------+--------------+--------------+--------------+--------+------+


+-----------------------------------------------------+
; Analysis & Synthesis DSP Block Usage Summary        ;
+---------------------------------------+-------------+
; Statistic                             ; Number Used ;
+---------------------------------------+-------------+
; Simple Multipliers (9-bit)            ; 0           ;
; Simple Multipliers (18-bit)           ; 2           ;
; Embedded Multiplier Blocks            ; --          ;
; Embedded Multiplier 9-bit elements    ; 4           ;
; Signed Embedded Multipliers           ; 0           ;
; Unsigned Embedded Multipliers         ; 2           ;
; Mixed Sign Embedded Multipliers       ; 0           ;
; Variable Sign Embedded Multipliers    ; 0           ;
; Dedicated Input Shift Register Chains ; 0           ;
+---------------------------------------+-------------+
Note: number of Embedded Multiplier Blocks used is only available after a successful fit.


+------------------------------------------------------+
; General Register Statistics                          ;
+----------------------------------------------+-------+
; Statistic                                    ; Value ;
+----------------------------------------------+-------+
; Total registers                              ; 51    ;
; Number of registers using Synchronous Clear  ; 44    ;
; Number of registers using Synchronous Load   ; 0     ;
; Number of registers using Asynchronous Clear ; 0     ;
; Number of registers using Asynchronous Load  ; 0     ;
; Number of registers using Clock Enable       ; 24    ;
; Number of registers using Preset             ; 0     ;
+----------------------------------------------+-------+


+-------------------------------------------------+
; Registers Packed Into Inferred Megafunctions    ;
+------------------------+-----------------+------+
; Register Name          ; Megafunction    ; Type ;
+------------------------+-----------------+------+
; BRAM:bram|data_out_reg ; BRAM:bram|RAM~0 ; RAM  ;
+------------------------+-----------------+------+


+------------------------------------------------------------------------------------------------------------------------------------------------------------------+
; Multiplexer Restructuring Statistics (Restructuring Performed)                                                                                                   ;
+--------------------+-----------+---------------+----------------------+------------------------+------------+----------------------------------------------------+
; Multiplexer Inputs ; Bus Width ; Baseline Area ; Area if Restructured ; Saving if Restructured ; Registered ; Example Multiplexer Output                         ;
+--------------------+-----------+---------------+----------------------+------------------------+------------+----------------------------------------------------+
; 3:1                ; 5 bits    ; 10 LEs        ; 5 LEs                ; 5 LEs                  ; Yes        ; |tb_BRAM|BRAM:bram|addr_endScale[4]                ;
; 3:1                ; 19 bits   ; 38 LEs        ; 19 LEs               ; 19 LEs                 ; Yes        ; |tb_BRAM|ImageScaler:scaler|addr[4]                ;
; 3:1                ; 2 bits    ; 4 LEs         ; 2 LEs                ; 2 LEs                  ; No         ; |tb_BRAM|ImageScaler:scaler|limit_addr_request[18] ;
; 3:1                ; 3 bits    ; 6 LEs         ; 6 LEs                ; 0 LEs                  ; No         ; |tb_BRAM|ImageScaler:scaler|limit_addr_request     ;
; 3:1                ; 2 bits    ; 4 LEs         ; 2 LEs                ; 2 LEs                  ; No         ; |tb_BRAM|ImageScaler:scaler|limit_addr_request     ;
; 17:1               ; 4 bits    ; 44 LEs        ; 32 LEs               ; 12 LEs                 ; No         ; |tb_BRAM|ImageScaler:scaler|limit_addr_request[6]  ;
; 17:1               ; 2 bits    ; 22 LEs        ; 10 LEs               ; 12 LEs                 ; No         ; |tb_BRAM|ImageScaler:scaler|limit_addr_request[13] ;
+--------------------+-----------+---------------+----------------------+------------------------+------------+----------------------------------------------------+


+--------------------------------------------------------------------------------------+
; Source assignments for BRAM:bram|altsyncram:RAM_rtl_0|altsyncram_c4h1:auto_generated ;
+---------------------------------+--------------------+------+------------------------+
; Assignment                      ; Value              ; From ; To                     ;
+---------------------------------+--------------------+------+------------------------+
; OPTIMIZE_POWER_DURING_SYNTHESIS ; NORMAL_COMPILATION ; -    ; -                      ;
+---------------------------------+--------------------+------+------------------------+


+---------------------------------------------------------------------------------+
; Parameter Settings for Inferred Entity Instance: BRAM:bram|altsyncram:RAM_rtl_0 ;
+------------------------------------+----------------------+---------------------+
; Parameter Name                     ; Value                ; Type                ;
+------------------------------------+----------------------+---------------------+
; BYTE_SIZE_BLOCK                    ; 8                    ; Untyped             ;
; AUTO_CARRY_CHAINS                  ; ON                   ; AUTO_CARRY          ;
; IGNORE_CARRY_BUFFERS               ; OFF                  ; IGNORE_CARRY        ;
; AUTO_CASCADE_CHAINS                ; ON                   ; AUTO_CASCADE        ;
; IGNORE_CASCADE_BUFFERS             ; OFF                  ; IGNORE_CASCADE      ;
; WIDTH_BYTEENA                      ; 1                    ; Untyped             ;
; OPERATION_MODE                     ; DUAL_PORT            ; Untyped             ;
; WIDTH_A                            ; 1                    ; Untyped             ;
; WIDTHAD_A                          ; 19                   ; Untyped             ;
; NUMWORDS_A                         ; 307200               ; Untyped             ;
; OUTDATA_REG_A                      ; UNREGISTERED         ; Untyped             ;
; ADDRESS_ACLR_A                     ; NONE                 ; Untyped             ;
; OUTDATA_ACLR_A                     ; NONE                 ; Untyped             ;
; WRCONTROL_ACLR_A                   ; NONE                 ; Untyped             ;
; INDATA_ACLR_A                      ; NONE                 ; Untyped             ;
; BYTEENA_ACLR_A                     ; NONE                 ; Untyped             ;
; WIDTH_B                            ; 1                    ; Untyped             ;
; WIDTHAD_B                          ; 19                   ; Untyped             ;
; NUMWORDS_B                         ; 307200               ; Untyped             ;
; INDATA_REG_B                       ; CLOCK1               ; Untyped             ;
; WRCONTROL_WRADDRESS_REG_B          ; CLOCK1               ; Untyped             ;
; RDCONTROL_REG_B                    ; CLOCK1               ; Untyped             ;
; ADDRESS_REG_B                      ; CLOCK0               ; Untyped             ;
; OUTDATA_REG_B                      ; UNREGISTERED         ; Untyped             ;
; BYTEENA_REG_B                      ; CLOCK1               ; Untyped             ;
; INDATA_ACLR_B                      ; NONE                 ; Untyped             ;
; WRCONTROL_ACLR_B                   ; NONE                 ; Untyped             ;
; ADDRESS_ACLR_B                     ; NONE                 ; Untyped             ;
; OUTDATA_ACLR_B                     ; NONE                 ; Untyped             ;
; RDCONTROL_ACLR_B                   ; NONE                 ; Untyped             ;
; BYTEENA_ACLR_B                     ; NONE                 ; Untyped             ;
; WIDTH_BYTEENA_A                    ; 1                    ; Untyped             ;
; WIDTH_BYTEENA_B                    ; 1                    ; Untyped             ;
; RAM_BLOCK_TYPE                     ; AUTO                 ; Untyped             ;
; BYTE_SIZE                          ; 8                    ; Untyped             ;
; READ_DURING_WRITE_MODE_MIXED_PORTS ; OLD_DATA             ; Untyped             ;
; READ_DURING_WRITE_MODE_PORT_A      ; NEW_DATA_NO_NBE_READ ; Untyped             ;
; READ_DURING_WRITE_MODE_PORT_B      ; NEW_DATA_NO_NBE_READ ; Untyped             ;
; INIT_FILE                          ; UNUSED               ; Untyped             ;
; INIT_FILE_LAYOUT                   ; PORT_A               ; Untyped             ;
; MAXIMUM_DEPTH                      ; 0                    ; Untyped             ;
; CLOCK_ENABLE_INPUT_A               ; NORMAL               ; Untyped             ;
; CLOCK_ENABLE_INPUT_B               ; NORMAL               ; Untyped             ;
; CLOCK_ENABLE_OUTPUT_A              ; NORMAL               ; Untyped             ;
; CLOCK_ENABLE_OUTPUT_B              ; NORMAL               ; Untyped             ;
; CLOCK_ENABLE_CORE_A                ; USE_INPUT_CLKEN      ; Untyped             ;
; CLOCK_ENABLE_CORE_B                ; USE_INPUT_CLKEN      ; Untyped             ;
; ENABLE_ECC                         ; FALSE                ; Untyped             ;
; DEVICE_FAMILY                      ; Cyclone II           ; Untyped             ;
; CBXI_PARAMETER                     ; altsyncram_c4h1      ; Untyped             ;
+------------------------------------+----------------------+---------------------+
Note: In order to hide this table in the UI and the text report file, please set the "Show Parameter Settings Tables in Synthesis Report" option in "Analysis and Synthesis Settings -> More Settings" to "Off".


+-------------------------------------------------------------------------------------+
; Parameter Settings for Inferred Entity Instance: ImageScaler:scaler|lpm_divide:Mod0 ;
+------------------------+----------------+-------------------------------------------+
; Parameter Name         ; Value          ; Type                                      ;
+------------------------+----------------+-------------------------------------------+
; LPM_WIDTHN             ; 19             ; Untyped                                   ;
; LPM_WIDTHD             ; 10             ; Untyped                                   ;
; LPM_NREPRESENTATION    ; UNSIGNED       ; Untyped                                   ;
; LPM_DREPRESENTATION    ; UNSIGNED       ; Untyped                                   ;
; LPM_PIPELINE           ; 0              ; Untyped                                   ;
; LPM_REMAINDERPOSITIVE  ; TRUE           ; Untyped                                   ;
; MAXIMIZE_SPEED         ; 5              ; Untyped                                   ;
; CBXI_PARAMETER         ; lpm_divide_38m ; Untyped                                   ;
; CARRY_CHAIN            ; MANUAL         ; Untyped                                   ;
; OPTIMIZE_FOR_SPEED     ; 5              ; Untyped                                   ;
; AUTO_CARRY_CHAINS      ; ON             ; AUTO_CARRY                                ;
; IGNORE_CARRY_BUFFERS   ; OFF            ; IGNORE_CARRY                              ;
; AUTO_CASCADE_CHAINS    ; ON             ; AUTO_CASCADE                              ;
; IGNORE_CASCADE_BUFFERS ; OFF            ; IGNORE_CASCADE                            ;
+------------------------+----------------+-------------------------------------------+
Note: In order to hide this table in the UI and the text report file, please set the "Show Parameter Settings Tables in Synthesis Report" option in "Analysis and Synthesis Settings -> More Settings" to "Off".


+-------------------------------------------------------------------------------------+
; Parameter Settings for Inferred Entity Instance: ImageScaler:scaler|lpm_divide:Div0 ;
+------------------------+----------------+-------------------------------------------+
; Parameter Name         ; Value          ; Type                                      ;
+------------------------+----------------+-------------------------------------------+
; LPM_WIDTHN             ; 19             ; Untyped                                   ;
; LPM_WIDTHD             ; 10             ; Untyped                                   ;
; LPM_NREPRESENTATION    ; UNSIGNED       ; Untyped                                   ;
; LPM_DREPRESENTATION    ; UNSIGNED       ; Untyped                                   ;
; LPM_PIPELINE           ; 0              ; Untyped                                   ;
; LPM_REMAINDERPOSITIVE  ; TRUE           ; Untyped                                   ;
; MAXIMIZE_SPEED         ; 5              ; Untyped                                   ;
; CBXI_PARAMETER         ; lpm_divide_0gm ; Untyped                                   ;
; CARRY_CHAIN            ; MANUAL         ; Untyped                                   ;
; OPTIMIZE_FOR_SPEED     ; 5              ; Untyped                                   ;
; AUTO_CARRY_CHAINS      ; ON             ; AUTO_CARRY                                ;
; IGNORE_CARRY_BUFFERS   ; OFF            ; IGNORE_CARRY                              ;
; AUTO_CASCADE_CHAINS    ; ON             ; AUTO_CASCADE                              ;
; IGNORE_CASCADE_BUFFERS ; OFF            ; IGNORE_CASCADE                            ;
+------------------------+----------------+-------------------------------------------+
Note: In order to hide this table in the UI and the text report file, please set the "Show Parameter Settings Tables in Synthesis Report" option in "Analysis and Synthesis Settings -> More Settings" to "Off".


+------------------------------------------------------------------------------------+
; Parameter Settings for Inferred Entity Instance: ImageScaler:scaler|lpm_mult:Mult0 ;
+------------------------------------------------+------------+----------------------+
; Parameter Name                                 ; Value      ; Type                 ;
+------------------------------------------------+------------+----------------------+
; AUTO_CARRY_CHAINS                              ; ON         ; AUTO_CARRY           ;
; IGNORE_CARRY_BUFFERS                           ; OFF        ; IGNORE_CARRY         ;
; AUTO_CASCADE_CHAINS                            ; ON         ; AUTO_CASCADE         ;
; IGNORE_CASCADE_BUFFERS                         ; OFF        ; IGNORE_CASCADE       ;
; LPM_WIDTHA                                     ; 19         ; Untyped              ;
; LPM_WIDTHB                                     ; 13         ; Untyped              ;
; LPM_WIDTHP                                     ; 32         ; Untyped              ;
; LPM_WIDTHR                                     ; 32         ; Untyped              ;
; LPM_WIDTHS                                     ; 1          ; Untyped              ;
; LPM_REPRESENTATION                             ; UNSIGNED   ; Untyped              ;
; LPM_PIPELINE                                   ; 0          ; Untyped              ;
; LATENCY                                        ; 0          ; Untyped              ;
; INPUT_A_IS_CONSTANT                            ; NO         ; Untyped              ;
; INPUT_B_IS_CONSTANT                            ; NO         ; Untyped              ;
; USE_EAB                                        ; OFF        ; Untyped              ;
; MAXIMIZE_SPEED                                 ; 5          ; Untyped              ;
; DEVICE_FAMILY                                  ; Cyclone II ; Untyped              ;
; CARRY_CHAIN                                    ; MANUAL     ; Untyped              ;
; APEX20K_TECHNOLOGY_MAPPER                      ; LUT        ; TECH_MAPPER_APEX20K  ;
; DEDICATED_MULTIPLIER_CIRCUITRY                 ; AUTO       ; Untyped              ;
; DEDICATED_MULTIPLIER_MIN_INPUT_WIDTH_FOR_AUTO  ; 0          ; Untyped              ;
; DEDICATED_MULTIPLIER_MIN_OUTPUT_WIDTH_FOR_AUTO ; 0          ; Untyped              ;
; CBXI_PARAMETER                                 ; mult_k8t   ; Untyped              ;
; INPUT_A_FIXED_VALUE                            ; Bx         ; Untyped              ;
; INPUT_B_FIXED_VALUE                            ; Bx         ; Untyped              ;
; USE_AHDL_IMPLEMENTATION                        ; OFF        ; Untyped              ;
+------------------------------------------------+------------+----------------------+
Note: In order to hide this table in the UI and the text report file, please set the "Show Parameter Settings Tables in Synthesis Report" option in "Analysis and Synthesis Settings -> More Settings" to "Off".


+----------------------------------------------------------------------------+
; altsyncram Parameter Settings by Entity Instance                           ;
+-------------------------------------------+--------------------------------+
; Name                                      ; Value                          ;
+-------------------------------------------+--------------------------------+
; Number of entity instances                ; 1                              ;
; Entity Instance                           ; BRAM:bram|altsyncram:RAM_rtl_0 ;
;     -- OPERATION_MODE                     ; DUAL_PORT                      ;
;     -- WIDTH_A                            ; 1                              ;
;     -- NUMWORDS_A                         ; 307200                         ;
;     -- OUTDATA_REG_A                      ; UNREGISTERED                   ;
;     -- WIDTH_B                            ; 1                              ;
;     -- NUMWORDS_B                         ; 307200                         ;
;     -- ADDRESS_REG_B                      ; CLOCK0                         ;
;     -- OUTDATA_REG_B                      ; UNREGISTERED                   ;
;     -- RAM_BLOCK_TYPE                     ; AUTO                           ;
;     -- READ_DURING_WRITE_MODE_MIXED_PORTS ; OLD_DATA                       ;
+-------------------------------------------+--------------------------------+


+---------------------------------------------------------------------------+
; lpm_mult Parameter Settings by Entity Instance                            ;
+---------------------------------------+-----------------------------------+
; Name                                  ; Value                             ;
+---------------------------------------+-----------------------------------+
; Number of entity instances            ; 1                                 ;
; Entity Instance                       ; ImageScaler:scaler|lpm_mult:Mult0 ;
;     -- LPM_WIDTHA                     ; 19                                ;
;     -- LPM_WIDTHB                     ; 13                                ;
;     -- LPM_WIDTHP                     ; 32                                ;
;     -- LPM_REPRESENTATION             ; UNSIGNED                          ;
;     -- INPUT_A_IS_CONSTANT            ; NO                                ;
;     -- INPUT_B_IS_CONSTANT            ; NO                                ;
;     -- USE_EAB                        ; OFF                               ;
;     -- DEDICATED_MULTIPLIER_CIRCUITRY ; AUTO                              ;
;     -- INPUT_A_FIXED_VALUE            ; Bx                                ;
;     -- INPUT_B_FIXED_VALUE            ; Bx                                ;
+---------------------------------------+-----------------------------------+


+-------------------------------+
; Analysis & Synthesis Messages ;
+-------------------------------+
Info: *******************************************************************
Info: Running Quartus II Analysis & Synthesis
    Info: Version 9.1 Build 350 03/24/2010 Service Pack 2 SJ Web Edition
    Info: Processing started: Wed Jan 27 10:02:52 2016
Info: Command: quartus_map --read_settings_files=on --write_settings_files=off ImageScaler_Storage -c ImageScaler_Storage
Info: Parallel compilation is enabled and will use 2 of the 2 processors detected
Info: Found 1 design units, including 1 entities, in source file bram.v
    Info: Found entity 1: BRAM
Info: Found 1 design units, including 1 entities, in source file imagescaler.v
    Info: Found entity 1: ImageScaler
Info: Found 1 design units, including 1 entities, in source file tb_bram.v
    Info: Found entity 1: tb_BRAM
Info: Elaborating entity "tb_BRAM" for the top level hierarchy
Info: Elaborating entity "BRAM" for hierarchy "BRAM:bram"
Info: Elaborating entity "ImageScaler" for hierarchy "ImageScaler:scaler"
Warning (10230): Verilog HDL assignment warning at ImageScaler.v(107): truncated value with size 28 to match size of target (19)
Warning (10230): Verilog HDL assignment warning at ImageScaler.v(112): truncated value with size 19 to match size of target (10)
Warning (10230): Verilog HDL assignment warning at ImageScaler.v(113): truncated value with size 19 to match size of target (9)
Info: Inferred 1 megafunctions from design logic
    Info: Inferred altsyncram megafunction from the following design logic: "BRAM:bram|RAM~0" 
        Info: Parameter OPERATION_MODE set to DUAL_PORT
        Info: Parameter WIDTH_A set to 1
        Info: Parameter WIDTHAD_A set to 19
        Info: Parameter NUMWORDS_A set to 307200
        Info: Parameter WIDTH_B set to 1
        Info: Parameter WIDTHAD_B set to 19
        Info: Parameter NUMWORDS_B set to 307200
        Info: Parameter ADDRESS_ACLR_A set to NONE
        Info: Parameter OUTDATA_REG_B set to UNREGISTERED
        Info: Parameter ADDRESS_ACLR_B set to NONE
        Info: Parameter OUTDATA_ACLR_B set to NONE
        Info: Parameter ADDRESS_REG_B set to CLOCK0
        Info: Parameter INDATA_ACLR_A set to NONE
        Info: Parameter WRCONTROL_ACLR_A set to NONE
        Info: Parameter READ_DURING_WRITE_MODE_MIXED_PORTS set to OLD_DATA
Info: Inferred 3 megafunctions from design logic
    Info: Inferred divider/modulo megafunction ("lpm_divide") from the following logic: "ImageScaler:scaler|Mod0"
    Info: Inferred divider/modulo megafunction ("lpm_divide") from the following logic: "ImageScaler:scaler|Div0"
    Info: Inferred multiplier megafunction ("lpm_mult") from the following logic: "ImageScaler:scaler|Mult0"
Info: Elaborated megafunction instantiation "BRAM:bram|altsyncram:RAM_rtl_0"
Info: Instantiated megafunction "BRAM:bram|altsyncram:RAM_rtl_0" with the following parameter:
    Info: Parameter "OPERATION_MODE" = "DUAL_PORT"
    Info: Parameter "WIDTH_A" = "1"
    Info: Parameter "WIDTHAD_A" = "19"
    Info: Parameter "NUMWORDS_A" = "307200"
    Info: Parameter "WIDTH_B" = "1"
    Info: Parameter "WIDTHAD_B" = "19"
    Info: Parameter "NUMWORDS_B" = "307200"
    Info: Parameter "ADDRESS_ACLR_A" = "NONE"
    Info: Parameter "OUTDATA_REG_B" = "UNREGISTERED"
    Info: Parameter "ADDRESS_ACLR_B" = "NONE"
    Info: Parameter "OUTDATA_ACLR_B" = "NONE"
    Info: Parameter "ADDRESS_REG_B" = "CLOCK0"
    Info: Parameter "INDATA_ACLR_A" = "NONE"
    Info: Parameter "WRCONTROL_ACLR_A" = "NONE"
    Info: Parameter "READ_DURING_WRITE_MODE_MIXED_PORTS" = "OLD_DATA"
Info: Found 1 design units, including 1 entities, in source file db/altsyncram_c4h1.tdf
    Info: Found entity 1: altsyncram_c4h1
Info: Found 1 design units, including 1 entities, in source file db/decode_1qa.tdf
    Info: Found entity 1: decode_1qa
Info: Found 1 design units, including 1 entities, in source file db/mux_akb.tdf
    Info: Found entity 1: mux_akb
Info: Elaborated megafunction instantiation "ImageScaler:scaler|lpm_divide:Mod0"
Info: Instantiated megafunction "ImageScaler:scaler|lpm_divide:Mod0" with the following parameter:
    Info: Parameter "LPM_WIDTHN" = "19"
    Info: Parameter "LPM_WIDTHD" = "10"
    Info: Parameter "LPM_NREPRESENTATION" = "UNSIGNED"
    Info: Parameter "LPM_DREPRESENTATION" = "UNSIGNED"
Info: Found 1 design units, including 1 entities, in source file db/lpm_divide_38m.tdf
    Info: Found entity 1: lpm_divide_38m
Info: Found 1 design units, including 1 entities, in source file db/sign_div_unsign_anh.tdf
    Info: Found entity 1: sign_div_unsign_anh
Info: Found 1 design units, including 1 entities, in source file db/alt_u_div_m5f.tdf
    Info: Found entity 1: alt_u_div_m5f
Info: Found 1 design units, including 1 entities, in source file db/add_sub_lkc.tdf
    Info: Found entity 1: add_sub_lkc
Info: Found 1 design units, including 1 entities, in source file db/add_sub_mkc.tdf
    Info: Found entity 1: add_sub_mkc
Info: Elaborated megafunction instantiation "ImageScaler:scaler|lpm_divide:Div0"
Info: Instantiated megafunction "ImageScaler:scaler|lpm_divide:Div0" with the following parameter:
    Info: Parameter "LPM_WIDTHN" = "19"
    Info: Parameter "LPM_WIDTHD" = "10"
    Info: Parameter "LPM_NREPRESENTATION" = "UNSIGNED"
    Info: Parameter "LPM_DREPRESENTATION" = "UNSIGNED"
Info: Found 1 design units, including 1 entities, in source file db/lpm_divide_0gm.tdf
    Info: Found entity 1: lpm_divide_0gm
Info: Elaborated megafunction instantiation "ImageScaler:scaler|lpm_mult:Mult0"
Info: Instantiated megafunction "ImageScaler:scaler|lpm_mult:Mult0" with the following parameter:
    Info: Parameter "LPM_WIDTHA" = "19"
    Info: Parameter "LPM_WIDTHB" = "13"
    Info: Parameter "LPM_WIDTHP" = "32"
    Info: Parameter "LPM_WIDTHR" = "32"
    Info: Parameter "LPM_WIDTHS" = "1"
    Info: Parameter "LPM_REPRESENTATION" = "UNSIGNED"
    Info: Parameter "INPUT_A_IS_CONSTANT" = "NO"
    Info: Parameter "INPUT_B_IS_CONSTANT" = "NO"
    Info: Parameter "MAXIMIZE_SPEED" = "5"
Info: Found 1 design units, including 1 entities, in source file db/mult_k8t.tdf
    Info: Found entity 1: mult_k8t
Info: Ignored 15 buffer(s)
    Info: Ignored 15 SOFT buffer(s)
Info: Implemented 966 device resources after synthesis - the final resource count might be different
    Info: Implemented 12 input pins
    Info: Implemented 42 output pins
    Info: Implemented 833 logic cells
    Info: Implemented 75 RAM segments
    Info: Implemented 4 DSP elements
Info: Quartus II Analysis & Synthesis was successful. 0 errors, 3 warnings
    Info: Peak virtual memory: 317 megabytes
    Info: Processing ended: Wed Jan 27 10:03:08 2016
    Info: Elapsed time: 00:00:16
    Info: Total CPU time (on all processors): 00:00:16


