Analysis & Synthesis report for OV7670
Thu Jan 28 21:33:27 2016
Quartus II 64-Bit Version 13.0.1 Build 232 06/12/2013 Service Pack 1 SJ Web Edition


---------------------
; Table of Contents ;
---------------------
  1. Legal Notice
  2. Analysis & Synthesis Summary
  3. Analysis & Synthesis Settings
  4. Parallel Compilation
  5. Analysis & Synthesis Source Files Read
  6. Analysis & Synthesis Resource Usage Summary
  7. Analysis & Synthesis Resource Utilization by Entity
  8. Analysis & Synthesis RAM Summary
  9. State Machine - |OV7670Hardware|clockDIV:VGAClock|state
 10. State Machine - |OV7670Hardware|OV7670Read:OV7670|State
 11. State Machine - |OV7670Hardware|OV7670Read:OV7670|clockDIV:CamClock|state
 12. Registers Removed During Synthesis
 13. General Register Statistics
 14. Registers Packed Into Inferred Megafunctions
 15. Multiplexer Restructuring Statistics (Restructuring Performed)
 16. Source assignments for OV7670Read:OV7670|OV7670RAM:Buffer1|altsyncram:RAM_rtl_0|altsyncram_i7d1:auto_generated
 17. Source assignments for OV7670Read:OV7670|OV7670RAM:Buffer1|altsyncram:RAM_rtl_0|altsyncram_i7d1:auto_generated|altsyncram_lqg1:altsyncram1
 18. Source assignments for OV7670Read:OV7670|OV7670RAM:Buffer0|altsyncram:RAM_rtl_0|altsyncram_i7d1:auto_generated
 19. Source assignments for OV7670Read:OV7670|OV7670RAM:Buffer0|altsyncram:RAM_rtl_0|altsyncram_i7d1:auto_generated|altsyncram_lqg1:altsyncram1
 20. Parameter Settings for User Entity Instance: vga640x480:vga
 21. Parameter Settings for User Entity Instance: OV7670Read:OV7670|clockDIV:CamClock
 22. Parameter Settings for User Entity Instance: clockDIV:VGAClock
 23. Parameter Settings for Inferred Entity Instance: OV7670Read:OV7670|OV7670RAM:Buffer1|altsyncram:RAM_rtl_0
 24. Parameter Settings for Inferred Entity Instance: OV7670Read:OV7670|OV7670RAM:Buffer0|altsyncram:RAM_rtl_0
 25. altsyncram Parameter Settings by Entity Instance
 26. Elapsed Time Per Partition
 27. Analysis & Synthesis Messages



----------------
; Legal Notice ;
----------------
Copyright (C) 1991-2013 Altera Corporation
Your use of Altera Corporation's design tools, logic functions 
and other software and tools, and its AMPP partner logic 
functions, and any output files from any of the foregoing 
(including device programming or simulation files), and any 
associated documentation or information are expressly subject 
to the terms and conditions of the Altera Program License 
Subscription Agreement, Altera MegaCore Function License 
Agreement, or other applicable license agreement, including, 
without limitation, that your use is for the sole purpose of 
programming logic devices manufactured by Altera and sold by 
Altera or its authorized distributors.  Please refer to the 
applicable agreement for further details.



+--------------------------------------------------------------------------------------+
; Analysis & Synthesis Summary                                                         ;
+------------------------------------+-------------------------------------------------+
; Analysis & Synthesis Status        ; Successful - Thu Jan 28 21:33:27 2016           ;
; Quartus II 64-Bit Version          ; 13.0.1 Build 232 06/12/2013 SP 1 SJ Web Edition ;
; Revision Name                      ; OV7670                                          ;
; Top-level Entity Name              ; OV7670Hardware                                  ;
; Family                             ; Cyclone II                                      ;
; Total logic elements               ; 533                                             ;
;     Total combinational functions  ; 529                                             ;
;     Dedicated logic registers      ; 61                                              ;
; Total registers                    ; 61                                              ;
; Total pins                         ; 48                                              ;
; Total virtual pins                 ; 0                                               ;
; Total memory bits                  ; 614,400                                         ;
; Embedded Multiplier 9-bit elements ; 0                                               ;
; Total PLLs                         ; 0                                               ;
+------------------------------------+-------------------------------------------------+


+----------------------------------------------------------------------------------------------------------------------+
; Analysis & Synthesis Settings                                                                                        ;
+----------------------------------------------------------------------------+--------------------+--------------------+
; Option                                                                     ; Setting            ; Default Value      ;
+----------------------------------------------------------------------------+--------------------+--------------------+
; Device                                                                     ; EP2C70F896C6       ;                    ;
; Top-level entity name                                                      ; OV7670Hardware     ; OV7670             ;
; Family name                                                                ; Cyclone II         ; Cyclone IV GX      ;
; Use smart compilation                                                      ; Off                ; Off                ;
; Enable parallel Assembler and TimeQuest Timing Analyzer during compilation ; On                 ; On                 ;
; Enable compact report table                                                ; Off                ; Off                ;
; Restructure Multiplexers                                                   ; Auto               ; Auto               ;
; Create Debugging Nodes for IP Cores                                        ; Off                ; Off                ;
; Preserve fewer node names                                                  ; On                 ; On                 ;
; Disable OpenCore Plus hardware evaluation                                  ; Off                ; Off                ;
; Verilog Version                                                            ; Verilog_2001       ; Verilog_2001       ;
; VHDL Version                                                               ; VHDL_1993          ; VHDL_1993          ;
; State Machine Processing                                                   ; Auto               ; Auto               ;
; Safe State Machine                                                         ; Off                ; Off                ;
; Extract Verilog State Machines                                             ; On                 ; On                 ;
; Extract VHDL State Machines                                                ; On                 ; On                 ;
; Ignore Verilog initial constructs                                          ; Off                ; Off                ;
; Iteration limit for constant Verilog loops                                 ; 5000               ; 5000               ;
; Iteration limit for non-constant Verilog loops                             ; 250                ; 250                ;
; Add Pass-Through Logic to Inferred RAMs                                    ; On                 ; On                 ;
; Infer RAMs from Raw Logic                                                  ; On                 ; On                 ;
; Parallel Synthesis                                                         ; On                 ; On                 ;
; DSP Block Balancing                                                        ; Auto               ; Auto               ;
; NOT Gate Push-Back                                                         ; On                 ; On                 ;
; Power-Up Don't Care                                                        ; On                 ; On                 ;
; Remove Redundant Logic Cells                                               ; Off                ; Off                ;
; Remove Duplicate Registers                                                 ; On                 ; On                 ;
; Ignore CARRY Buffers                                                       ; Off                ; Off                ;
; Ignore CASCADE Buffers                                                     ; Off                ; Off                ;
; Ignore GLOBAL Buffers                                                      ; Off                ; Off                ;
; Ignore ROW GLOBAL Buffers                                                  ; Off                ; Off                ;
; Ignore LCELL Buffers                                                       ; Off                ; Off                ;
; Ignore SOFT Buffers                                                        ; On                 ; On                 ;
; Limit AHDL Integers to 32 Bits                                             ; Off                ; Off                ;
; Optimization Technique                                                     ; Balanced           ; Balanced           ;
; Carry Chain Length                                                         ; 70                 ; 70                 ;
; Auto Carry Chains                                                          ; On                 ; On                 ;
; Auto Open-Drain Pins                                                       ; On                 ; On                 ;
; Perform WYSIWYG Primitive Resynthesis                                      ; Off                ; Off                ;
; Auto ROM Replacement                                                       ; On                 ; On                 ;
; Auto RAM Replacement                                                       ; On                 ; On                 ;
; Auto Shift Register Replacement                                            ; Auto               ; Auto               ;
; Allow Shift Register Merging across Hierarchies                            ; Auto               ; Auto               ;
; Auto Clock Enable Replacement                                              ; On                 ; On                 ;
; Strict RAM Replacement                                                     ; Off                ; Off                ;
; Allow Synchronous Control Signals                                          ; On                 ; On                 ;
; Force Use of Synchronous Clear Signals                                     ; Off                ; Off                ;
; Auto RAM to Logic Cell Conversion                                          ; Off                ; Off                ;
; Auto Resource Sharing                                                      ; Off                ; Off                ;
; Allow Any RAM Size For Recognition                                         ; Off                ; Off                ;
; Allow Any ROM Size For Recognition                                         ; Off                ; Off                ;
; Allow Any Shift Register Size For Recognition                              ; Off                ; Off                ;
; Use LogicLock Constraints during Resource Balancing                        ; On                 ; On                 ;
; Ignore translate_off and synthesis_off directives                          ; Off                ; Off                ;
; Timing-Driven Synthesis                                                    ; Off                ; Off                ;
; Report Parameter Settings                                                  ; On                 ; On                 ;
; Report Source Assignments                                                  ; On                 ; On                 ;
; Report Connectivity Checks                                                 ; On                 ; On                 ;
; Ignore Maximum Fan-Out Assignments                                         ; Off                ; Off                ;
; Synchronization Register Chain Length                                      ; 2                  ; 2                  ;
; PowerPlay Power Optimization                                               ; Normal compilation ; Normal compilation ;
; HDL message level                                                          ; Level2             ; Level2             ;
; Suppress Register Optimization Related Messages                            ; Off                ; Off                ;
; Number of Removed Registers Reported in Synthesis Report                   ; 5000               ; 5000               ;
; Number of Swept Nodes Reported in Synthesis Report                         ; 5000               ; 5000               ;
; Number of Inverted Registers Reported in Synthesis Report                  ; 100                ; 100                ;
; Clock MUX Protection                                                       ; On                 ; On                 ;
; Auto Gated Clock Conversion                                                ; Off                ; Off                ;
; Block Design Naming                                                        ; Auto               ; Auto               ;
; SDC constraint protection                                                  ; Off                ; Off                ;
; Synthesis Effort                                                           ; Auto               ; Auto               ;
; Shift Register Replacement - Allow Asynchronous Clear Signal               ; On                 ; On                 ;
; Pre-Mapping Resynthesis Optimization                                       ; Off                ; Off                ;
; Analysis & Synthesis Message Level                                         ; Medium             ; Medium             ;
; Disable Register Merging Across Hierarchies                                ; Auto               ; Auto               ;
; Resource Aware Inference For Block RAM                                     ; On                 ; On                 ;
; Synthesis Seed                                                             ; 1                  ; 1                  ;
+----------------------------------------------------------------------------+--------------------+--------------------+


Parallel compilation was disabled, but you have multiple processors available. Enable parallel compilation to reduce compilation time.
+-------------------------------------+
; Parallel Compilation                ;
+----------------------------+--------+
; Processors                 ; Number ;
+----------------------------+--------+
; Number detected on machine ; 4      ;
; Maximum allowed            ; 1      ;
+----------------------------+--------+


+---------------------------------------------------------------------------------------------------------------------------------------------------------------------------+
; Analysis & Synthesis Source Files Read                                                                                                                                    ;
+----------------------------------+-----------------+------------------------------+-----------------------------------------------------------------------------+---------+
; File Name with User-Entered Path ; Used in Netlist ; File Type                    ; File Name with Absolute Path                                                ; Library ;
+----------------------------------+-----------------+------------------------------+-----------------------------------------------------------------------------+---------+
; ../vga640x480.v                  ; yes             ; User Verilog HDL File        ; D:/Documents/GitHub/lsicontest-timHAF/Camera/vga640x480.v                   ;         ;
; ../clockDIV.v                    ; yes             ; User Verilog HDL File        ; D:/Documents/GitHub/lsicontest-timHAF/Camera/clockDIV.v                     ;         ;
; ../OV7670Read.v                  ; yes             ; User Verilog HDL File        ; D:/Documents/GitHub/lsicontest-timHAF/Camera/OV7670Read.v                   ;         ;
; ../OV7670RAM.v                   ; yes             ; User Verilog HDL File        ; D:/Documents/GitHub/lsicontest-timHAF/Camera/OV7670RAM.v                    ;         ;
; ../OV7670Hardware.v              ; yes             ; User Verilog HDL File        ; D:/Documents/GitHub/lsicontest-timHAF/Camera/OV7670Hardware.v               ;         ;
; altsyncram.tdf                   ; yes             ; Megafunction                 ; c:/altera/13.0sp1/quartus/libraries/megafunctions/altsyncram.tdf            ;         ;
; stratix_ram_block.inc            ; yes             ; Megafunction                 ; c:/altera/13.0sp1/quartus/libraries/megafunctions/stratix_ram_block.inc     ;         ;
; lpm_mux.inc                      ; yes             ; Megafunction                 ; c:/altera/13.0sp1/quartus/libraries/megafunctions/lpm_mux.inc               ;         ;
; lpm_decode.inc                   ; yes             ; Megafunction                 ; c:/altera/13.0sp1/quartus/libraries/megafunctions/lpm_decode.inc            ;         ;
; aglobal130.inc                   ; yes             ; Megafunction                 ; c:/altera/13.0sp1/quartus/libraries/megafunctions/aglobal130.inc            ;         ;
; a_rdenreg.inc                    ; yes             ; Megafunction                 ; c:/altera/13.0sp1/quartus/libraries/megafunctions/a_rdenreg.inc             ;         ;
; altrom.inc                       ; yes             ; Megafunction                 ; c:/altera/13.0sp1/quartus/libraries/megafunctions/altrom.inc                ;         ;
; altram.inc                       ; yes             ; Megafunction                 ; c:/altera/13.0sp1/quartus/libraries/megafunctions/altram.inc                ;         ;
; altdpram.inc                     ; yes             ; Megafunction                 ; c:/altera/13.0sp1/quartus/libraries/megafunctions/altdpram.inc              ;         ;
; db/altsyncram_i7d1.tdf           ; yes             ; Auto-Generated Megafunction  ; D:/Documents/GitHub/lsicontest-timHAF/Camera/Project/db/altsyncram_i7d1.tdf ;         ;
; db/altsyncram_lqg1.tdf           ; yes             ; Auto-Generated Megafunction  ; D:/Documents/GitHub/lsicontest-timHAF/Camera/Project/db/altsyncram_lqg1.tdf ;         ;
; db/decode_1qa.tdf                ; yes             ; Auto-Generated Megafunction  ; D:/Documents/GitHub/lsicontest-timHAF/Camera/Project/db/decode_1qa.tdf      ;         ;
; db/mux_akb.tdf                   ; yes             ; Auto-Generated Megafunction  ; D:/Documents/GitHub/lsicontest-timHAF/Camera/Project/db/mux_akb.tdf         ;         ;
+----------------------------------+-----------------+------------------------------+-----------------------------------------------------------------------------+---------+


+--------------------------------------------------------+
; Analysis & Synthesis Resource Usage Summary            ;
+---------------------------------------------+----------+
; Resource                                    ; Usage    ;
+---------------------------------------------+----------+
; Estimated Total logic elements              ; 533      ;
;                                             ;          ;
; Total combinational functions               ; 529      ;
; Logic element usage by number of LUT inputs ;          ;
;     -- 4 input functions                    ; 369      ;
;     -- 3 input functions                    ; 73       ;
;     -- <=2 input functions                  ; 87       ;
;                                             ;          ;
; Logic elements by mode                      ;          ;
;     -- normal mode                          ; 463      ;
;     -- arithmetic mode                      ; 66       ;
;                                             ;          ;
; Total registers                             ; 61       ;
;     -- Dedicated logic registers            ; 61       ;
;     -- I/O registers                        ; 0        ;
;                                             ;          ;
; I/O pins                                    ; 48       ;
; Total memory bits                           ; 614400   ;
; Embedded Multiplier 9-bit elements          ; 0        ;
; Maximum fan-out node                        ; CAM_PCLK ;
; Maximum fan-out                             ; 179      ;
; Total fan-out                               ; 6460     ;
; Average fan-out                             ; 8.20     ;
+---------------------------------------------+----------+


+-----------------------------------------------------------------------------------------------------------------------------------------------------------------------------------------------------------------------------------------------------------------------------------------------------------------------------------+
; Analysis & Synthesis Resource Utilization by Entity                                                                                                                                                                                                                                                                               ;
+----------------------------------------------+-------------------+--------------+-------------+--------------+---------+-----------+------+--------------+---------------------------------------------------------------------------------------------------------------------------------------------------------+--------------+
; Compilation Hierarchy Node                   ; LC Combinationals ; LC Registers ; Memory Bits ; DSP Elements ; DSP 9x9 ; DSP 18x18 ; Pins ; Virtual Pins ; Full Hierarchy Name                                                                                                                                     ; Library Name ;
+----------------------------------------------+-------------------+--------------+-------------+--------------+---------+-----------+------+--------------+---------------------------------------------------------------------------------------------------------------------------------------------------------+--------------+
; |OV7670Hardware                              ; 529 (0)           ; 61 (0)       ; 614400      ; 0            ; 0       ; 0         ; 48   ; 0            ; |OV7670Hardware                                                                                                                                         ; work         ;
;    |OV7670Read:OV7670|                       ; 452 (36)          ; 41 (30)      ; 614400      ; 0            ; 0       ; 0         ; 0    ; 0            ; |OV7670Hardware|OV7670Read:OV7670                                                                                                                       ; work         ;
;       |OV7670RAM:Buffer0|                    ; 154 (0)           ; 7 (0)        ; 307200      ; 0            ; 0       ; 0         ; 0    ; 0            ; |OV7670Hardware|OV7670Read:OV7670|OV7670RAM:Buffer0                                                                                                     ; work         ;
;          |altsyncram:RAM_rtl_0|              ; 154 (0)           ; 7 (0)        ; 307200      ; 0            ; 0       ; 0         ; 0    ; 0            ; |OV7670Hardware|OV7670Read:OV7670|OV7670RAM:Buffer0|altsyncram:RAM_rtl_0                                                                                ; work         ;
;             |altsyncram_i7d1:auto_generated| ; 154 (0)           ; 7 (0)        ; 307200      ; 0            ; 0       ; 0         ; 0    ; 0            ; |OV7670Hardware|OV7670Read:OV7670|OV7670RAM:Buffer0|altsyncram:RAM_rtl_0|altsyncram_i7d1:auto_generated                                                 ; work         ;
;                |altsyncram_lqg1:altsyncram1| ; 154 (0)           ; 7 (7)        ; 307200      ; 0            ; 0       ; 0         ; 0    ; 0            ; |OV7670Hardware|OV7670Read:OV7670|OV7670RAM:Buffer0|altsyncram:RAM_rtl_0|altsyncram_i7d1:auto_generated|altsyncram_lqg1:altsyncram1                     ; work         ;
;                   |decode_1qa:decode4|       ; 91 (91)           ; 0 (0)        ; 0           ; 0            ; 0       ; 0         ; 0    ; 0            ; |OV7670Hardware|OV7670Read:OV7670|OV7670RAM:Buffer0|altsyncram:RAM_rtl_0|altsyncram_i7d1:auto_generated|altsyncram_lqg1:altsyncram1|decode_1qa:decode4  ; work         ;
;                   |mux_akb:mux5|             ; 63 (63)           ; 0 (0)        ; 0           ; 0            ; 0       ; 0         ; 0    ; 0            ; |OV7670Hardware|OV7670Read:OV7670|OV7670RAM:Buffer0|altsyncram:RAM_rtl_0|altsyncram_i7d1:auto_generated|altsyncram_lqg1:altsyncram1|mux_akb:mux5        ; work         ;
;       |OV7670RAM:Buffer1|                    ; 259 (0)           ; 0 (0)        ; 307200      ; 0            ; 0       ; 0         ; 0    ; 0            ; |OV7670Hardware|OV7670Read:OV7670|OV7670RAM:Buffer1                                                                                                     ; work         ;
;          |altsyncram:RAM_rtl_0|              ; 259 (0)           ; 0 (0)        ; 307200      ; 0            ; 0       ; 0         ; 0    ; 0            ; |OV7670Hardware|OV7670Read:OV7670|OV7670RAM:Buffer1|altsyncram:RAM_rtl_0                                                                                ; work         ;
;             |altsyncram_i7d1:auto_generated| ; 259 (0)           ; 0 (0)        ; 307200      ; 0            ; 0       ; 0         ; 0    ; 0            ; |OV7670Hardware|OV7670Read:OV7670|OV7670RAM:Buffer1|altsyncram:RAM_rtl_0|altsyncram_i7d1:auto_generated                                                 ; work         ;
;                |altsyncram_lqg1:altsyncram1| ; 259 (0)           ; 0 (0)        ; 307200      ; 0            ; 0       ; 0         ; 0    ; 0            ; |OV7670Hardware|OV7670Read:OV7670|OV7670RAM:Buffer1|altsyncram:RAM_rtl_0|altsyncram_i7d1:auto_generated|altsyncram_lqg1:altsyncram1                     ; work         ;
;                   |decode_1qa:decode4|       ; 98 (98)           ; 0 (0)        ; 0           ; 0            ; 0       ; 0         ; 0    ; 0            ; |OV7670Hardware|OV7670Read:OV7670|OV7670RAM:Buffer1|altsyncram:RAM_rtl_0|altsyncram_i7d1:auto_generated|altsyncram_lqg1:altsyncram1|decode_1qa:decode4  ; work         ;
;                   |decode_1qa:decode_a|      ; 99 (99)           ; 0 (0)        ; 0           ; 0            ; 0       ; 0         ; 0    ; 0            ; |OV7670Hardware|OV7670Read:OV7670|OV7670RAM:Buffer1|altsyncram:RAM_rtl_0|altsyncram_i7d1:auto_generated|altsyncram_lqg1:altsyncram1|decode_1qa:decode_a ; work         ;
;                   |mux_akb:mux5|             ; 62 (62)           ; 0 (0)        ; 0           ; 0            ; 0       ; 0         ; 0    ; 0            ; |OV7670Hardware|OV7670Read:OV7670|OV7670RAM:Buffer1|altsyncram:RAM_rtl_0|altsyncram_i7d1:auto_generated|altsyncram_lqg1:altsyncram1|mux_akb:mux5        ; work         ;
;       |clockDIV:CamClock|                    ; 3 (3)             ; 4 (4)        ; 0           ; 0            ; 0       ; 0         ; 0    ; 0            ; |OV7670Hardware|OV7670Read:OV7670|clockDIV:CamClock                                                                                                     ; work         ;
;    |vga640x480:vga|                          ; 77 (77)           ; 20 (20)      ; 0           ; 0            ; 0       ; 0         ; 0    ; 0            ; |OV7670Hardware|vga640x480:vga                                                                                                                          ; work         ;
+----------------------------------------------+-------------------+--------------+-------------+--------------+---------+-----------+------+--------------+---------------------------------------------------------------------------------------------------------------------------------------------------------+--------------+
Note: For table entries with two numbers listed, the numbers in parentheses indicate the number of resources of the given type used by the specific entity alone. The numbers listed outside of parentheses indicate the total resources of the given type used by the specific entity and all of its sub-entities in the hierarchy.


+------------------------------------------------------------------------------------------------------------------------------------------------------------------------------------------------------------------------------------+
; Analysis & Synthesis RAM Summary                                                                                                                                                                                                   ;
+--------------------------------------------------------------------------------------------------------------------------------+------+----------------+--------------+--------------+--------------+--------------+--------+------+
; Name                                                                                                                           ; Type ; Mode           ; Port A Depth ; Port A Width ; Port B Depth ; Port B Width ; Size   ; MIF  ;
+--------------------------------------------------------------------------------------------------------------------------------+------+----------------+--------------+--------------+--------------+--------------+--------+------+
; OV7670Read:OV7670|OV7670RAM:Buffer0|altsyncram:RAM_rtl_0|altsyncram_i7d1:auto_generated|altsyncram_lqg1:altsyncram1|ALTSYNCRAM ; AUTO ; True Dual Port ; 307200       ; 1            ; 307200       ; 1            ; 307200 ; None ;
; OV7670Read:OV7670|OV7670RAM:Buffer1|altsyncram:RAM_rtl_0|altsyncram_i7d1:auto_generated|altsyncram_lqg1:altsyncram1|ALTSYNCRAM ; AUTO ; True Dual Port ; 307200       ; 1            ; 307200       ; 1            ; 307200 ; None ;
+--------------------------------------------------------------------------------------------------------------------------------+------+----------------+--------------+--------------+--------------+--------------+--------+------+


Encoding Type:  One-Hot
+---------------------------------------------------------+
; State Machine - |OV7670Hardware|clockDIV:VGAClock|state ;
+----------+----------+----------+------------------------+
; Name     ; state.00 ; state.10 ; state.01               ;
+----------+----------+----------+------------------------+
; state.00 ; 0        ; 0        ; 0                      ;
; state.01 ; 1        ; 0        ; 1                      ;
; state.10 ; 1        ; 1        ; 0                      ;
+----------+----------+----------+------------------------+


Encoding Type:  One-Hot
+-----------------------------------------------------------------------------------+
; State Machine - |OV7670Hardware|OV7670Read:OV7670|State                           ;
+-----------+-----------+-----------+-----------+-----------+-----------+-----------+
; Name      ; State.101 ; State.100 ; State.011 ; State.010 ; State.001 ; State.000 ;
+-----------+-----------+-----------+-----------+-----------+-----------+-----------+
; State.000 ; 0         ; 0         ; 0         ; 0         ; 0         ; 0         ;
; State.001 ; 0         ; 0         ; 0         ; 0         ; 1         ; 1         ;
; State.010 ; 0         ; 0         ; 0         ; 1         ; 0         ; 1         ;
; State.011 ; 0         ; 0         ; 1         ; 0         ; 0         ; 1         ;
; State.100 ; 0         ; 1         ; 0         ; 0         ; 0         ; 1         ;
; State.101 ; 1         ; 0         ; 0         ; 0         ; 0         ; 1         ;
+-----------+-----------+-----------+-----------+-----------+-----------+-----------+


Encoding Type:  One-Hot
+---------------------------------------------------------------------------+
; State Machine - |OV7670Hardware|OV7670Read:OV7670|clockDIV:CamClock|state ;
+----------+----------+----------+------------------------------------------+
; Name     ; state.00 ; state.10 ; state.01                                 ;
+----------+----------+----------+------------------------------------------+
; state.00 ; 0        ; 0        ; 0                                        ;
; state.01 ; 1        ; 0        ; 1                                        ;
; state.10 ; 1        ; 1        ; 0                                        ;
+----------+----------+----------+------------------------------------------+


+-----------------------------------------------------------------------------------------------------------------------------------------------------------------------------------------------------------------------------------------------------------------------------------------+
; Registers Removed During Synthesis                                                                                                                                                                                                                                                      ;
+--------------------------------------------------------------------------------------------------------------------------------------+--------------------------------------------------------------------------------------------------------------------------------------------------+
; Register name                                                                                                                        ; Reason for Removal                                                                                                                               ;
+--------------------------------------------------------------------------------------------------------------------------------------+--------------------------------------------------------------------------------------------------------------------------------------------------+
; OV7670Read:OV7670|DataIn[0..6]                                                                                                       ; Lost fanout                                                                                                                                      ;
; OV7670Read:OV7670|State~2                                                                                                            ; Lost fanout                                                                                                                                      ;
; OV7670Read:OV7670|State~3                                                                                                            ; Lost fanout                                                                                                                                      ;
; OV7670Read:OV7670|State~4                                                                                                            ; Lost fanout                                                                                                                                      ;
; clockDIV:VGAClock|state.01                                                                                                           ; Merged with OV7670Read:OV7670|clockDIV:CamClock|state.01                                                                                         ;
; clockDIV:VGAClock|state.10                                                                                                           ; Merged with OV7670Read:OV7670|clockDIV:CamClock|state.10                                                                                         ;
; clockDIV:VGAClock|counter[0]                                                                                                         ; Merged with OV7670Read:OV7670|clockDIV:CamClock|counter[0]                                                                                       ;
; clockDIV:VGAClock|state.00                                                                                                           ; Merged with OV7670Read:OV7670|clockDIV:CamClock|state.00                                                                                         ;
; OV7670Read:OV7670|OV7670RAM:Buffer1|altsyncram:RAM_rtl_0|altsyncram_i7d1:auto_generated|altsyncram_lqg1:altsyncram1|address_reg_a[6] ; Merged with OV7670Read:OV7670|OV7670RAM:Buffer0|altsyncram:RAM_rtl_0|altsyncram_i7d1:auto_generated|altsyncram_lqg1:altsyncram1|address_reg_a[6] ;
; OV7670Read:OV7670|OV7670RAM:Buffer1|altsyncram:RAM_rtl_0|altsyncram_i7d1:auto_generated|altsyncram_lqg1:altsyncram1|address_reg_a[5] ; Merged with OV7670Read:OV7670|OV7670RAM:Buffer0|altsyncram:RAM_rtl_0|altsyncram_i7d1:auto_generated|altsyncram_lqg1:altsyncram1|address_reg_a[5] ;
; OV7670Read:OV7670|OV7670RAM:Buffer1|altsyncram:RAM_rtl_0|altsyncram_i7d1:auto_generated|altsyncram_lqg1:altsyncram1|address_reg_a[4] ; Merged with OV7670Read:OV7670|OV7670RAM:Buffer0|altsyncram:RAM_rtl_0|altsyncram_i7d1:auto_generated|altsyncram_lqg1:altsyncram1|address_reg_a[4] ;
; OV7670Read:OV7670|OV7670RAM:Buffer1|altsyncram:RAM_rtl_0|altsyncram_i7d1:auto_generated|altsyncram_lqg1:altsyncram1|address_reg_a[3] ; Merged with OV7670Read:OV7670|OV7670RAM:Buffer0|altsyncram:RAM_rtl_0|altsyncram_i7d1:auto_generated|altsyncram_lqg1:altsyncram1|address_reg_a[3] ;
; OV7670Read:OV7670|OV7670RAM:Buffer1|altsyncram:RAM_rtl_0|altsyncram_i7d1:auto_generated|altsyncram_lqg1:altsyncram1|address_reg_a[2] ; Merged with OV7670Read:OV7670|OV7670RAM:Buffer0|altsyncram:RAM_rtl_0|altsyncram_i7d1:auto_generated|altsyncram_lqg1:altsyncram1|address_reg_a[2] ;
; OV7670Read:OV7670|OV7670RAM:Buffer1|altsyncram:RAM_rtl_0|altsyncram_i7d1:auto_generated|altsyncram_lqg1:altsyncram1|address_reg_a[1] ; Merged with OV7670Read:OV7670|OV7670RAM:Buffer0|altsyncram:RAM_rtl_0|altsyncram_i7d1:auto_generated|altsyncram_lqg1:altsyncram1|address_reg_a[1] ;
; OV7670Read:OV7670|OV7670RAM:Buffer1|altsyncram:RAM_rtl_0|altsyncram_i7d1:auto_generated|altsyncram_lqg1:altsyncram1|address_reg_a[0] ; Merged with OV7670Read:OV7670|OV7670RAM:Buffer0|altsyncram:RAM_rtl_0|altsyncram_i7d1:auto_generated|altsyncram_lqg1:altsyncram1|address_reg_a[0] ;
; Total Number of Removed Registers = 21                                                                                               ;                                                                                                                                                  ;
+--------------------------------------------------------------------------------------------------------------------------------------+--------------------------------------------------------------------------------------------------------------------------------------------------+


+------------------------------------------------------+
; General Register Statistics                          ;
+----------------------------------------------+-------+
; Statistic                                    ; Value ;
+----------------------------------------------+-------+
; Total registers                              ; 61    ;
; Number of registers using Synchronous Clear  ; 42    ;
; Number of registers using Synchronous Load   ; 0     ;
; Number of registers using Asynchronous Clear ; 20    ;
; Number of registers using Asynchronous Load  ; 0     ;
; Number of registers using Clock Enable       ; 29    ;
; Number of registers using Preset             ; 0     ;
+----------------------------------------------+-------+


+----------------------------------------------------------------------------------------------------+
; Registers Packed Into Inferred Megafunctions                                                       ;
+---------------------------------------------+-----------------------------------------------+------+
; Register Name                               ; Megafunction                                  ; Type ;
+---------------------------------------------+-----------------------------------------------+------+
; OV7670Read:OV7670|OV7670RAM:Buffer1|DataOut ; OV7670Read:OV7670|OV7670RAM:Buffer1|RAM_rtl_0 ; RAM  ;
; OV7670Read:OV7670|OV7670RAM:Buffer0|DataOut ; OV7670Read:OV7670|OV7670RAM:Buffer0|RAM_rtl_0 ; RAM  ;
+---------------------------------------------+-----------------------------------------------+------+


+-----------------------------------------------------------------------------------------------------------------------------------------------------------+
; Multiplexer Restructuring Statistics (Restructuring Performed)                                                                                            ;
+--------------------+-----------+---------------+----------------------+------------------------+------------+---------------------------------------------+
; Multiplexer Inputs ; Bus Width ; Baseline Area ; Area if Restructured ; Saving if Restructured ; Registered ; Example Multiplexer Output                  ;
+--------------------+-----------+---------------+----------------------+------------------------+------------+---------------------------------------------+
; 3:1                ; 19 bits   ; 38 LEs        ; 19 LEs               ; 19 LEs                 ; Yes        ; |OV7670Hardware|OV7670Read:OV7670|Count[11] ;
+--------------------+-----------+---------------+----------------------+------------------------+------------+---------------------------------------------+


+----------------------------------------------------------------------------------------------------------------+
; Source assignments for OV7670Read:OV7670|OV7670RAM:Buffer1|altsyncram:RAM_rtl_0|altsyncram_i7d1:auto_generated ;
+---------------------------------+--------------------+------+--------------------------------------------------+
; Assignment                      ; Value              ; From ; To                                               ;
+---------------------------------+--------------------+------+--------------------------------------------------+
; OPTIMIZE_POWER_DURING_SYNTHESIS ; NORMAL_COMPILATION ; -    ; -                                                ;
+---------------------------------+--------------------+------+--------------------------------------------------+


+--------------------------------------------------------------------------------------------------------------------------------------------+
; Source assignments for OV7670Read:OV7670|OV7670RAM:Buffer1|altsyncram:RAM_rtl_0|altsyncram_i7d1:auto_generated|altsyncram_lqg1:altsyncram1 ;
+---------------------------------+--------------------+------+------------------------------------------------------------------------------+
; Assignment                      ; Value              ; From ; To                                                                           ;
+---------------------------------+--------------------+------+------------------------------------------------------------------------------+
; OPTIMIZE_POWER_DURING_SYNTHESIS ; NORMAL_COMPILATION ; -    ; -                                                                            ;
+---------------------------------+--------------------+------+------------------------------------------------------------------------------+


+----------------------------------------------------------------------------------------------------------------+
; Source assignments for OV7670Read:OV7670|OV7670RAM:Buffer0|altsyncram:RAM_rtl_0|altsyncram_i7d1:auto_generated ;
+---------------------------------+--------------------+------+--------------------------------------------------+
; Assignment                      ; Value              ; From ; To                                               ;
+---------------------------------+--------------------+------+--------------------------------------------------+
; OPTIMIZE_POWER_DURING_SYNTHESIS ; NORMAL_COMPILATION ; -    ; -                                                ;
+---------------------------------+--------------------+------+--------------------------------------------------+


+--------------------------------------------------------------------------------------------------------------------------------------------+
; Source assignments for OV7670Read:OV7670|OV7670RAM:Buffer0|altsyncram:RAM_rtl_0|altsyncram_i7d1:auto_generated|altsyncram_lqg1:altsyncram1 ;
+---------------------------------+--------------------+------+------------------------------------------------------------------------------+
; Assignment                      ; Value              ; From ; To                                                                           ;
+---------------------------------+--------------------+------+------------------------------------------------------------------------------+
; OPTIMIZE_POWER_DURING_SYNTHESIS ; NORMAL_COMPILATION ; -    ; -                                                                            ;
+---------------------------------+--------------------+------+------------------------------------------------------------------------------+


+-------------------------------------------------------------+
; Parameter Settings for User Entity Instance: vga640x480:vga ;
+----------------+-------+------------------------------------+
; Parameter Name ; Value ; Type                               ;
+----------------+-------+------------------------------------+
; hpixels        ; 800   ; Signed Integer                     ;
; vlines         ; 521   ; Signed Integer                     ;
; hpulse         ; 96    ; Signed Integer                     ;
; vpulse         ; 2     ; Signed Integer                     ;
; hbp            ; 144   ; Signed Integer                     ;
; hfp            ; 784   ; Signed Integer                     ;
; vbp            ; 31    ; Signed Integer                     ;
; vfp            ; 511   ; Signed Integer                     ;
+----------------+-------+------------------------------------+
Note: In order to hide this table in the UI and the text report file, please set the "Show Parameter Settings in Synthesis Report" option in "Analysis and Synthesis Settings -> More Settings" to "Off".


+----------------------------------------------------------------------------------+
; Parameter Settings for User Entity Instance: OV7670Read:OV7670|clockDIV:CamClock ;
+----------------+-------+---------------------------------------------------------+
; Parameter Name ; Value ; Type                                                    ;
+----------------+-------+---------------------------------------------------------+
; Divider        ; 2     ; Signed Integer                                          ;
+----------------+-------+---------------------------------------------------------+
Note: In order to hide this table in the UI and the text report file, please set the "Show Parameter Settings in Synthesis Report" option in "Analysis and Synthesis Settings -> More Settings" to "Off".


+----------------------------------------------------------------+
; Parameter Settings for User Entity Instance: clockDIV:VGAClock ;
+----------------+-------+---------------------------------------+
; Parameter Name ; Value ; Type                                  ;
+----------------+-------+---------------------------------------+
; Divider        ; 2     ; Signed Integer                        ;
+----------------+-------+---------------------------------------+
Note: In order to hide this table in the UI and the text report file, please set the "Show Parameter Settings in Synthesis Report" option in "Analysis and Synthesis Settings -> More Settings" to "Off".


+-----------------------------------------------------------------------------------------------------------+
; Parameter Settings for Inferred Entity Instance: OV7670Read:OV7670|OV7670RAM:Buffer1|altsyncram:RAM_rtl_0 ;
+------------------------------------+----------------------+-----------------------------------------------+
; Parameter Name                     ; Value                ; Type                                          ;
+------------------------------------+----------------------+-----------------------------------------------+
; BYTE_SIZE_BLOCK                    ; 8                    ; Untyped                                       ;
; AUTO_CARRY_CHAINS                  ; ON                   ; AUTO_CARRY                                    ;
; IGNORE_CARRY_BUFFERS               ; OFF                  ; IGNORE_CARRY                                  ;
; AUTO_CASCADE_CHAINS                ; ON                   ; AUTO_CASCADE                                  ;
; IGNORE_CASCADE_BUFFERS             ; OFF                  ; IGNORE_CASCADE                                ;
; WIDTH_BYTEENA                      ; 1                    ; Untyped                                       ;
; OPERATION_MODE                     ; DUAL_PORT            ; Untyped                                       ;
; WIDTH_A                            ; 1                    ; Untyped                                       ;
; WIDTHAD_A                          ; 19                   ; Untyped                                       ;
; NUMWORDS_A                         ; 307200               ; Untyped                                       ;
; OUTDATA_REG_A                      ; UNREGISTERED         ; Untyped                                       ;
; ADDRESS_ACLR_A                     ; NONE                 ; Untyped                                       ;
; OUTDATA_ACLR_A                     ; NONE                 ; Untyped                                       ;
; WRCONTROL_ACLR_A                   ; NONE                 ; Untyped                                       ;
; INDATA_ACLR_A                      ; NONE                 ; Untyped                                       ;
; BYTEENA_ACLR_A                     ; NONE                 ; Untyped                                       ;
; WIDTH_B                            ; 1                    ; Untyped                                       ;
; WIDTHAD_B                          ; 19                   ; Untyped                                       ;
; NUMWORDS_B                         ; 307200               ; Untyped                                       ;
; INDATA_REG_B                       ; CLOCK1               ; Untyped                                       ;
; WRCONTROL_WRADDRESS_REG_B          ; CLOCK1               ; Untyped                                       ;
; RDCONTROL_REG_B                    ; CLOCK1               ; Untyped                                       ;
; ADDRESS_REG_B                      ; CLOCK1               ; Untyped                                       ;
; OUTDATA_REG_B                      ; UNREGISTERED         ; Untyped                                       ;
; BYTEENA_REG_B                      ; CLOCK1               ; Untyped                                       ;
; INDATA_ACLR_B                      ; NONE                 ; Untyped                                       ;
; WRCONTROL_ACLR_B                   ; NONE                 ; Untyped                                       ;
; ADDRESS_ACLR_B                     ; NONE                 ; Untyped                                       ;
; OUTDATA_ACLR_B                     ; NONE                 ; Untyped                                       ;
; RDCONTROL_ACLR_B                   ; NONE                 ; Untyped                                       ;
; BYTEENA_ACLR_B                     ; NONE                 ; Untyped                                       ;
; WIDTH_BYTEENA_A                    ; 1                    ; Untyped                                       ;
; WIDTH_BYTEENA_B                    ; 1                    ; Untyped                                       ;
; RAM_BLOCK_TYPE                     ; AUTO                 ; Untyped                                       ;
; BYTE_SIZE                          ; 8                    ; Untyped                                       ;
; READ_DURING_WRITE_MODE_MIXED_PORTS ; DONT_CARE            ; Untyped                                       ;
; READ_DURING_WRITE_MODE_PORT_A      ; NEW_DATA_NO_NBE_READ ; Untyped                                       ;
; READ_DURING_WRITE_MODE_PORT_B      ; NEW_DATA_NO_NBE_READ ; Untyped                                       ;
; INIT_FILE                          ; UNUSED               ; Untyped                                       ;
; INIT_FILE_LAYOUT                   ; PORT_A               ; Untyped                                       ;
; MAXIMUM_DEPTH                      ; 0                    ; Untyped                                       ;
; CLOCK_ENABLE_INPUT_A               ; NORMAL               ; Untyped                                       ;
; CLOCK_ENABLE_INPUT_B               ; NORMAL               ; Untyped                                       ;
; CLOCK_ENABLE_OUTPUT_A              ; NORMAL               ; Untyped                                       ;
; CLOCK_ENABLE_OUTPUT_B              ; NORMAL               ; Untyped                                       ;
; CLOCK_ENABLE_CORE_A                ; USE_INPUT_CLKEN      ; Untyped                                       ;
; CLOCK_ENABLE_CORE_B                ; USE_INPUT_CLKEN      ; Untyped                                       ;
; ENABLE_ECC                         ; FALSE                ; Untyped                                       ;
; ECC_PIPELINE_STAGE_ENABLED         ; FALSE                ; Untyped                                       ;
; WIDTH_ECCSTATUS                    ; 3                    ; Untyped                                       ;
; DEVICE_FAMILY                      ; Cyclone II           ; Untyped                                       ;
; CBXI_PARAMETER                     ; altsyncram_i7d1      ; Untyped                                       ;
+------------------------------------+----------------------+-----------------------------------------------+
Note: In order to hide this table in the UI and the text report file, please set the "Show Parameter Settings in Synthesis Report" option in "Analysis and Synthesis Settings -> More Settings" to "Off".


+-----------------------------------------------------------------------------------------------------------+
; Parameter Settings for Inferred Entity Instance: OV7670Read:OV7670|OV7670RAM:Buffer0|altsyncram:RAM_rtl_0 ;
+------------------------------------+----------------------+-----------------------------------------------+
; Parameter Name                     ; Value                ; Type                                          ;
+------------------------------------+----------------------+-----------------------------------------------+
; BYTE_SIZE_BLOCK                    ; 8                    ; Untyped                                       ;
; AUTO_CARRY_CHAINS                  ; ON                   ; AUTO_CARRY                                    ;
; IGNORE_CARRY_BUFFERS               ; OFF                  ; IGNORE_CARRY                                  ;
; AUTO_CASCADE_CHAINS                ; ON                   ; AUTO_CASCADE                                  ;
; IGNORE_CASCADE_BUFFERS             ; OFF                  ; IGNORE_CASCADE                                ;
; WIDTH_BYTEENA                      ; 1                    ; Untyped                                       ;
; OPERATION_MODE                     ; DUAL_PORT            ; Untyped                                       ;
; WIDTH_A                            ; 1                    ; Untyped                                       ;
; WIDTHAD_A                          ; 19                   ; Untyped                                       ;
; NUMWORDS_A                         ; 307200               ; Untyped                                       ;
; OUTDATA_REG_A                      ; UNREGISTERED         ; Untyped                                       ;
; ADDRESS_ACLR_A                     ; NONE                 ; Untyped                                       ;
; OUTDATA_ACLR_A                     ; NONE                 ; Untyped                                       ;
; WRCONTROL_ACLR_A                   ; NONE                 ; Untyped                                       ;
; INDATA_ACLR_A                      ; NONE                 ; Untyped                                       ;
; BYTEENA_ACLR_A                     ; NONE                 ; Untyped                                       ;
; WIDTH_B                            ; 1                    ; Untyped                                       ;
; WIDTHAD_B                          ; 19                   ; Untyped                                       ;
; NUMWORDS_B                         ; 307200               ; Untyped                                       ;
; INDATA_REG_B                       ; CLOCK1               ; Untyped                                       ;
; WRCONTROL_WRADDRESS_REG_B          ; CLOCK1               ; Untyped                                       ;
; RDCONTROL_REG_B                    ; CLOCK1               ; Untyped                                       ;
; ADDRESS_REG_B                      ; CLOCK1               ; Untyped                                       ;
; OUTDATA_REG_B                      ; UNREGISTERED         ; Untyped                                       ;
; BYTEENA_REG_B                      ; CLOCK1               ; Untyped                                       ;
; INDATA_ACLR_B                      ; NONE                 ; Untyped                                       ;
; WRCONTROL_ACLR_B                   ; NONE                 ; Untyped                                       ;
; ADDRESS_ACLR_B                     ; NONE                 ; Untyped                                       ;
; OUTDATA_ACLR_B                     ; NONE                 ; Untyped                                       ;
; RDCONTROL_ACLR_B                   ; NONE                 ; Untyped                                       ;
; BYTEENA_ACLR_B                     ; NONE                 ; Untyped                                       ;
; WIDTH_BYTEENA_A                    ; 1                    ; Untyped                                       ;
; WIDTH_BYTEENA_B                    ; 1                    ; Untyped                                       ;
; RAM_BLOCK_TYPE                     ; AUTO                 ; Untyped                                       ;
; BYTE_SIZE                          ; 8                    ; Untyped                                       ;
; READ_DURING_WRITE_MODE_MIXED_PORTS ; DONT_CARE            ; Untyped                                       ;
; READ_DURING_WRITE_MODE_PORT_A      ; NEW_DATA_NO_NBE_READ ; Untyped                                       ;
; READ_DURING_WRITE_MODE_PORT_B      ; NEW_DATA_NO_NBE_READ ; Untyped                                       ;
; INIT_FILE                          ; UNUSED               ; Untyped                                       ;
; INIT_FILE_LAYOUT                   ; PORT_A               ; Untyped                                       ;
; MAXIMUM_DEPTH                      ; 0                    ; Untyped                                       ;
; CLOCK_ENABLE_INPUT_A               ; NORMAL               ; Untyped                                       ;
; CLOCK_ENABLE_INPUT_B               ; NORMAL               ; Untyped                                       ;
; CLOCK_ENABLE_OUTPUT_A              ; NORMAL               ; Untyped                                       ;
; CLOCK_ENABLE_OUTPUT_B              ; NORMAL               ; Untyped                                       ;
; CLOCK_ENABLE_CORE_A                ; USE_INPUT_CLKEN      ; Untyped                                       ;
; CLOCK_ENABLE_CORE_B                ; USE_INPUT_CLKEN      ; Untyped                                       ;
; ENABLE_ECC                         ; FALSE                ; Untyped                                       ;
; ECC_PIPELINE_STAGE_ENABLED         ; FALSE                ; Untyped                                       ;
; WIDTH_ECCSTATUS                    ; 3                    ; Untyped                                       ;
; DEVICE_FAMILY                      ; Cyclone II           ; Untyped                                       ;
; CBXI_PARAMETER                     ; altsyncram_i7d1      ; Untyped                                       ;
+------------------------------------+----------------------+-----------------------------------------------+
Note: In order to hide this table in the UI and the text report file, please set the "Show Parameter Settings in Synthesis Report" option in "Analysis and Synthesis Settings -> More Settings" to "Off".


+------------------------------------------------------------------------------------------------------+
; altsyncram Parameter Settings by Entity Instance                                                     ;
+-------------------------------------------+----------------------------------------------------------+
; Name                                      ; Value                                                    ;
+-------------------------------------------+----------------------------------------------------------+
; Number of entity instances                ; 2                                                        ;
; Entity Instance                           ; OV7670Read:OV7670|OV7670RAM:Buffer1|altsyncram:RAM_rtl_0 ;
;     -- OPERATION_MODE                     ; DUAL_PORT                                                ;
;     -- WIDTH_A                            ; 1                                                        ;
;     -- NUMWORDS_A                         ; 307200                                                   ;
;     -- OUTDATA_REG_A                      ; UNREGISTERED                                             ;
;     -- WIDTH_B                            ; 1                                                        ;
;     -- NUMWORDS_B                         ; 307200                                                   ;
;     -- ADDRESS_REG_B                      ; CLOCK1                                                   ;
;     -- OUTDATA_REG_B                      ; UNREGISTERED                                             ;
;     -- RAM_BLOCK_TYPE                     ; AUTO                                                     ;
;     -- READ_DURING_WRITE_MODE_MIXED_PORTS ; DONT_CARE                                                ;
; Entity Instance                           ; OV7670Read:OV7670|OV7670RAM:Buffer0|altsyncram:RAM_rtl_0 ;
;     -- OPERATION_MODE                     ; DUAL_PORT                                                ;
;     -- WIDTH_A                            ; 1                                                        ;
;     -- NUMWORDS_A                         ; 307200                                                   ;
;     -- OUTDATA_REG_A                      ; UNREGISTERED                                             ;
;     -- WIDTH_B                            ; 1                                                        ;
;     -- NUMWORDS_B                         ; 307200                                                   ;
;     -- ADDRESS_REG_B                      ; CLOCK1                                                   ;
;     -- OUTDATA_REG_B                      ; UNREGISTERED                                             ;
;     -- RAM_BLOCK_TYPE                     ; AUTO                                                     ;
;     -- READ_DURING_WRITE_MODE_MIXED_PORTS ; DONT_CARE                                                ;
+-------------------------------------------+----------------------------------------------------------+


+-------------------------------+
; Elapsed Time Per Partition    ;
+----------------+--------------+
; Partition Name ; Elapsed Time ;
+----------------+--------------+
; Top            ; 00:00:02     ;
+----------------+--------------+


+-------------------------------+
; Analysis & Synthesis Messages ;
+-------------------------------+
Info: *******************************************************************
Info: Running Quartus II 64-Bit Analysis & Synthesis
    Info: Version 13.0.1 Build 232 06/12/2013 Service Pack 1 SJ Web Edition
    Info: Processing started: Thu Jan 28 21:33:24 2016
Info: Command: quartus_map --read_settings_files=on --write_settings_files=off OV7670 -c OV7670
Warning (20028): Parallel compilation is not licensed and has been disabled
Info (12021): Found 1 design units, including 1 entities, in source file /documents/github/lsicontest-timhaf/camera/vga640x480.v
    Info (12023): Found entity 1: vga640x480
Info (12021): Found 1 design units, including 1 entities, in source file /documents/github/lsicontest-timhaf/camera/clockdiv.v
    Info (12023): Found entity 1: clockDIV
Info (12021): Found 1 design units, including 1 entities, in source file /documents/github/lsicontest-timhaf/camera/ov7670read.v
    Info (12023): Found entity 1: OV7670Read
Info (12021): Found 1 design units, including 1 entities, in source file /documents/github/lsicontest-timhaf/camera/ov7670ram.v
    Info (12023): Found entity 1: OV7670RAM
Info (12021): Found 1 design units, including 1 entities, in source file /documents/github/lsicontest-timhaf/camera/ov7670hardware.v
    Info (12023): Found entity 1: OV7670Hardware
Info (12127): Elaborating entity "OV7670Hardware" for the top level hierarchy
Info (12128): Elaborating entity "vga640x480" for hierarchy "vga640x480:vga"
Warning (10230): Verilog HDL assignment warning at vga640x480.v(59): truncated value with size 32 to match size of target (10)
Warning (10230): Verilog HDL assignment warning at vga640x480.v(68): truncated value with size 32 to match size of target (10)
Warning (10230): Verilog HDL assignment warning at vga640x480.v(80): truncated value with size 32 to match size of target (1)
Warning (10230): Verilog HDL assignment warning at vga640x480.v(81): truncated value with size 32 to match size of target (1)
Warning (10230): Verilog HDL assignment warning at vga640x480.v(133): truncated value with size 32 to match size of target (19)
Info (12128): Elaborating entity "OV7670Read" for hierarchy "OV7670Read:OV7670"
Info (12128): Elaborating entity "OV7670RAM" for hierarchy "OV7670Read:OV7670|OV7670RAM:Buffer0"
Info (12128): Elaborating entity "clockDIV" for hierarchy "OV7670Read:OV7670|clockDIV:CamClock"
Warning (10230): Verilog HDL assignment warning at clockDIV.v(52): truncated value with size 32 to match size of target (1)
Info (10264): Verilog HDL Case Statement information at clockDIV.v(59): all case item expressions in this case statement are onehot
Warning (276027): Inferred dual-clock RAM node "OV7670Read:OV7670|OV7670RAM:Buffer1|RAM_rtl_0" from synchronous design logic.  The read-during-write behavior of a dual-clock RAM is undefined and may not match the behavior of the original design.
Warning (276027): Inferred dual-clock RAM node "OV7670Read:OV7670|OV7670RAM:Buffer0|RAM_rtl_0" from synchronous design logic.  The read-during-write behavior of a dual-clock RAM is undefined and may not match the behavior of the original design.
Info (19000): Inferred 2 megafunctions from design logic
    Info (276029): Inferred altsyncram megafunction from the following design logic: "OV7670Read:OV7670|OV7670RAM:Buffer1|RAM_rtl_0" 
        Info (286033): Parameter OPERATION_MODE set to DUAL_PORT
        Info (286033): Parameter WIDTH_A set to 1
        Info (286033): Parameter WIDTHAD_A set to 19
        Info (286033): Parameter NUMWORDS_A set to 307200
        Info (286033): Parameter WIDTH_B set to 1
        Info (286033): Parameter WIDTHAD_B set to 19
        Info (286033): Parameter NUMWORDS_B set to 307200
        Info (286033): Parameter ADDRESS_ACLR_A set to NONE
        Info (286033): Parameter OUTDATA_REG_B set to UNREGISTERED
        Info (286033): Parameter ADDRESS_ACLR_B set to NONE
        Info (286033): Parameter OUTDATA_ACLR_B set to NONE
        Info (286033): Parameter ADDRESS_REG_B set to CLOCK1
        Info (286033): Parameter INDATA_ACLR_A set to NONE
        Info (286033): Parameter WRCONTROL_ACLR_A set to NONE
    Info (276029): Inferred altsyncram megafunction from the following design logic: "OV7670Read:OV7670|OV7670RAM:Buffer0|RAM_rtl_0" 
        Info (286033): Parameter OPERATION_MODE set to DUAL_PORT
        Info (286033): Parameter WIDTH_A set to 1
        Info (286033): Parameter WIDTHAD_A set to 19
        Info (286033): Parameter NUMWORDS_A set to 307200
        Info (286033): Parameter WIDTH_B set to 1
        Info (286033): Parameter WIDTHAD_B set to 19
        Info (286033): Parameter NUMWORDS_B set to 307200
        Info (286033): Parameter ADDRESS_ACLR_A set to NONE
        Info (286033): Parameter OUTDATA_REG_B set to UNREGISTERED
        Info (286033): Parameter ADDRESS_ACLR_B set to NONE
        Info (286033): Parameter OUTDATA_ACLR_B set to NONE
        Info (286033): Parameter ADDRESS_REG_B set to CLOCK1
        Info (286033): Parameter INDATA_ACLR_A set to NONE
        Info (286033): Parameter WRCONTROL_ACLR_A set to NONE
Info (12130): Elaborated megafunction instantiation "OV7670Read:OV7670|OV7670RAM:Buffer1|altsyncram:RAM_rtl_0"
Info (12133): Instantiated megafunction "OV7670Read:OV7670|OV7670RAM:Buffer1|altsyncram:RAM_rtl_0" with the following parameter:
    Info (12134): Parameter "OPERATION_MODE" = "DUAL_PORT"
    Info (12134): Parameter "WIDTH_A" = "1"
    Info (12134): Parameter "WIDTHAD_A" = "19"
    Info (12134): Parameter "NUMWORDS_A" = "307200"
    Info (12134): Parameter "WIDTH_B" = "1"
    Info (12134): Parameter "WIDTHAD_B" = "19"
    Info (12134): Parameter "NUMWORDS_B" = "307200"
    Info (12134): Parameter "ADDRESS_ACLR_A" = "NONE"
    Info (12134): Parameter "OUTDATA_REG_B" = "UNREGISTERED"
    Info (12134): Parameter "ADDRESS_ACLR_B" = "NONE"
    Info (12134): Parameter "OUTDATA_ACLR_B" = "NONE"
    Info (12134): Parameter "ADDRESS_REG_B" = "CLOCK1"
    Info (12134): Parameter "INDATA_ACLR_A" = "NONE"
    Info (12134): Parameter "WRCONTROL_ACLR_A" = "NONE"
Info (12021): Found 1 design units, including 1 entities, in source file db/altsyncram_i7d1.tdf
    Info (12023): Found entity 1: altsyncram_i7d1
Info (12021): Found 1 design units, including 1 entities, in source file db/altsyncram_lqg1.tdf
    Info (12023): Found entity 1: altsyncram_lqg1
Info (12021): Found 1 design units, including 1 entities, in source file db/decode_1qa.tdf
    Info (12023): Found entity 1: decode_1qa
Info (12021): Found 1 design units, including 1 entities, in source file db/mux_akb.tdf
    Info (12023): Found entity 1: mux_akb
Warning (13024): Output pins are stuck at VCC or GND
    Warning (13410): Pin "VGA_SYNC" is stuck at GND
Info (17049): 10 registers lost all their fanouts during netlist optimizations.
Info (16010): Generating hard_block partition "hard_block:auto_generated_inst"
    Info (16011): Adding 0 node(s), including 0 DDIO, 0 PLL, 0 transceiver and 0 LCELL
Warning (21074): Design contains 7 input pin(s) that do not drive logic
    Warning (15610): No output dependent on input pin "CAM_D[6]"
    Warning (15610): No output dependent on input pin "CAM_D[5]"
    Warning (15610): No output dependent on input pin "CAM_D[4]"
    Warning (15610): No output dependent on input pin "CAM_D[3]"
    Warning (15610): No output dependent on input pin "CAM_D[2]"
    Warning (15610): No output dependent on input pin "CAM_D[1]"
    Warning (15610): No output dependent on input pin "CAM_D[0]"
Info (21057): Implemented 738 device resources after synthesis - the final resource count might be different
    Info (21058): Implemented 13 input pins
    Info (21059): Implemented 35 output pins
    Info (21061): Implemented 540 logic cells
    Info (21064): Implemented 150 RAM segments
Info: Quartus II 64-Bit Analysis & Synthesis was successful. 0 errors, 19 warnings
    Info: Peak virtual memory: 475 megabytes
    Info: Processing ended: Thu Jan 28 21:33:27 2016
    Info: Elapsed time: 00:00:03
    Info: Total CPU time (on all processors): 00:00:03


